[MAPPING /gpfs/scratch/bsc08/bsc08978/db/hi-c/FASTQs/Cabrera_2022_HCT116_KO_DMSO/HCT116_KO_DMSO_BR1_TR1_1.fastq.gz READ1]   Writing versions of TADbit and dependencies
[MAPPING /gpfs/scratch/bsc08/bsc08978/db/hi-c/FASTQs/Cabrera_2022_HCT116_KO_DMSO/HCT116_KO_DMSO_BR1_TR1_1.fastq.gz READ1]   Generating Hi-C QC plot
[MAPPING /gpfs/scratch/bsc08/bsc08978/db/hi-c/FASTQs/Cabrera_2022_HCT116_KO_DMSO/HCT116_KO_DMSO_BR1_TR1_2.fastq.gz READ2]   Writing versions of TADbit and dependencies
[MAPPING /gpfs/scratch/bsc08/bsc08978/db/hi-c/FASTQs/Cabrera_2022_HCT116_KO_DMSO/HCT116_KO_DMSO_BR1_TR1_2.fastq.gz READ2]   Generating Hi-C QC plot
[MAPPING /gpfs/scratch/bsc08/bsc08978/db/hi-c/FASTQs/Cabrera_2022_HCT116_KO_DMSO/HCT116_KO_DMSO_BR1_TR2_2.fastq.gz READ2]   Writing versions of TADbit and dependencies
[MAPPING /gpfs/scratch/bsc08/bsc08978/db/hi-c/FASTQs/Cabrera_2022_HCT116_KO_DMSO/HCT116_KO_DMSO_BR1_TR2_2.fastq.gz READ2]   Generating Hi-C QC plot
[MAPPING /gpfs/scratch/bsc08/bsc08978/db/hi-c/FASTQs/Cabrera_2022_HCT116_KO_DMSO/HCT116_KO_DMSO_BR1_TR1_1.fastq.gz READ1]     - Dangling-ends (sensu-stricto): 15.030%
[MAPPING /gpfs/scratch/bsc08/bsc08978/db/hi-c/FASTQs/Cabrera_2022_HCT116_KO_DMSO/HCT116_KO_DMSO_BR1_TR1_1.fastq.gz READ1]     - Ligation sites: 20.478%
[MAPPING /gpfs/scratch/bsc08/bsc08978/db/hi-c/FASTQs/Cabrera_2022_HCT116_KO_DMSO/HCT116_KO_DMSO_BR1_TR1_1.fastq.gz READ1]   mapping /gpfs/scratch/bsc08/bsc08978/db/hi-c/FASTQs/Cabrera_2022_HCT116_KO_DMSO/HCT116_KO_DMSO_BR1_TR1_1.fastq.gz read 1 to /gpfs/scratch/bsc08/bsc08978/db/hi-c/processed/Cabrera_2022_HCT116_KO_DMSO
[MAPPING /gpfs/scratch/bsc08/bsc08978/db/hi-c/FASTQs/Cabrera_2022_HCT116_KO_DMSO/HCT116_KO_DMSO_BR1_TR1_2.fastq.gz READ2]     - Dangling-ends (sensu-stricto): 15.956%
[MAPPING /gpfs/scratch/bsc08/bsc08978/db/hi-c/FASTQs/Cabrera_2022_HCT116_KO_DMSO/HCT116_KO_DMSO_BR1_TR1_2.fastq.gz READ2]     - Ligation sites: 19.948%
[MAPPING /gpfs/scratch/bsc08/bsc08978/db/hi-c/FASTQs/Cabrera_2022_HCT116_KO_DMSO/HCT116_KO_DMSO_BR1_TR1_2.fastq.gz READ2]   mapping /gpfs/scratch/bsc08/bsc08978/db/hi-c/FASTQs/Cabrera_2022_HCT116_KO_DMSO/HCT116_KO_DMSO_BR1_TR1_2.fastq.gz read 2 to /gpfs/scratch/bsc08/bsc08978/db/hi-c/processed/Cabrera_2022_HCT116_KO_DMSO
[MAPPING /gpfs/scratch/bsc08/bsc08978/db/hi-c/FASTQs/Cabrera_2022_HCT116_KO_DMSO/HCT116_KO_DMSO_BR1_TR2_2.fastq.gz READ2]     - Dangling-ends (sensu-stricto): 15.699%
[MAPPING /gpfs/scratch/bsc08/bsc08978/db/hi-c/FASTQs/Cabrera_2022_HCT116_KO_DMSO/HCT116_KO_DMSO_BR1_TR2_2.fastq.gz READ2]     - Ligation sites: 19.934%
[MAPPING /gpfs/scratch/bsc08/bsc08978/db/hi-c/FASTQs/Cabrera_2022_HCT116_KO_DMSO/HCT116_KO_DMSO_BR1_TR2_2.fastq.gz READ2]   mapping /gpfs/scratch/bsc08/bsc08978/db/hi-c/FASTQs/Cabrera_2022_HCT116_KO_DMSO/HCT116_KO_DMSO_BR1_TR2_2.fastq.gz read 2 to /gpfs/scratch/bsc08/bsc08978/db/hi-c/processed/Cabrera_2022_HCT116_KO_DMSO
[MAPPING /gpfs/scratch/bsc08/bsc08978/db/hi-c/FASTQs/Cabrera_2022_HCT116_KO_DMSO/HCT116_KO_DMSO_BR1_TR2_1.fastq.gz READ1]   Writing versions of TADbit and dependencies
[MAPPING /gpfs/scratch/bsc08/bsc08978/db/hi-c/FASTQs/Cabrera_2022_HCT116_KO_DMSO/HCT116_KO_DMSO_BR1_TR2_1.fastq.gz READ1]   Generating Hi-C QC plot
[MAPPING /gpfs/scratch/bsc08/bsc08978/db/hi-c/FASTQs/Cabrera_2022_HCT116_KO_DMSO/HCT116_KO_DMSO_BR1_TR4_2.fastq.gz READ2]   Writing versions of TADbit and dependencies
[MAPPING /gpfs/scratch/bsc08/bsc08978/db/hi-c/FASTQs/Cabrera_2022_HCT116_KO_DMSO/HCT116_KO_DMSO_BR1_TR4_2.fastq.gz READ2]   Generating Hi-C QC plot
[MAPPING /gpfs/scratch/bsc08/bsc08978/db/hi-c/FASTQs/Cabrera_2022_HCT116_KO_DMSO/HCT116_KO_DMSO_BR1_TR4_1.fastq.gz READ1]   Writing versions of TADbit and dependencies
[MAPPING /gpfs/scratch/bsc08/bsc08978/db/hi-c/FASTQs/Cabrera_2022_HCT116_KO_DMSO/HCT116_KO_DMSO_BR1_TR4_1.fastq.gz READ1]   Generating Hi-C QC plot
[MAPPING /gpfs/scratch/bsc08/bsc08978/db/hi-c/FASTQs/Cabrera_2022_HCT116_KO_DMSO/HCT116_KO_DMSO_BR2_TR1_1.fastq.gz READ1]   Writing versions of TADbit and dependencies
[MAPPING /gpfs/scratch/bsc08/bsc08978/db/hi-c/FASTQs/Cabrera_2022_HCT116_KO_DMSO/HCT116_KO_DMSO_BR2_TR1_2.fastq.gz READ2]   Writing versions of TADbit and dependencies
[MAPPING /gpfs/scratch/bsc08/bsc08978/db/hi-c/FASTQs/Cabrera_2022_HCT116_KO_DMSO/HCT116_KO_DMSO_BR2_TR1_1.fastq.gz READ1]   Generating Hi-C QC plot
[MAPPING /gpfs/scratch/bsc08/bsc08978/db/hi-c/FASTQs/Cabrera_2022_HCT116_KO_DMSO/HCT116_KO_DMSO_BR1_TR4_2.fastq.gz READ2]     - Dangling-ends (sensu-stricto): 16.017%
[MAPPING /gpfs/scratch/bsc08/bsc08978/db/hi-c/FASTQs/Cabrera_2022_HCT116_KO_DMSO/HCT116_KO_DMSO_BR2_TR1_2.fastq.gz READ2]   Generating Hi-C QC plot
[MAPPING /gpfs/scratch/bsc08/bsc08978/db/hi-c/FASTQs/Cabrera_2022_HCT116_KO_DMSO/HCT116_KO_DMSO_BR1_TR4_2.fastq.gz READ2]     - Ligation sites: 19.730%
[MAPPING /gpfs/scratch/bsc08/bsc08978/db/hi-c/FASTQs/Cabrera_2022_HCT116_KO_DMSO/HCT116_KO_DMSO_BR2_TR4_2.fastq.gz READ2]   Writing versions of TADbit and dependencies
[MAPPING /gpfs/scratch/bsc08/bsc08978/db/hi-c/FASTQs/Cabrera_2022_HCT116_KO_DMSO/HCT116_KO_DMSO_BR2_TR3_2.fastq.gz READ2]   Writing versions of TADbit and dependencies
[MAPPING /gpfs/scratch/bsc08/bsc08978/db/hi-c/FASTQs/Cabrera_2022_HCT116_KO_DMSO/HCT116_KO_DMSO_BR2_TR2_2.fastq.gz READ2]   Writing versions of TADbit and dependencies
[MAPPING /gpfs/scratch/bsc08/bsc08978/db/hi-c/FASTQs/Cabrera_2022_HCT116_KO_DMSO/HCT116_KO_DMSO_BR1_TR2_1.fastq.gz READ1]     - Dangling-ends (sensu-stricto): 15.603%
[MAPPING /gpfs/scratch/bsc08/bsc08978/db/hi-c/FASTQs/Cabrera_2022_HCT116_KO_DMSO/HCT116_KO_DMSO_BR1_TR4_1.fastq.gz READ1]     - Dangling-ends (sensu-stricto): 15.199%
[MAPPING /gpfs/scratch/bsc08/bsc08978/db/hi-c/FASTQs/Cabrera_2022_HCT116_KO_DMSO/HCT116_KO_DMSO_BR2_TR4_1.fastq.gz READ1]   Writing versions of TADbit and dependencies
[MAPPING /gpfs/scratch/bsc08/bsc08978/db/hi-c/FASTQs/Cabrera_2022_HCT116_KO_DMSO/HCT116_KO_DMSO_BR1_TR4_2.fastq.gz READ2]   mapping /gpfs/scratch/bsc08/bsc08978/db/hi-c/FASTQs/Cabrera_2022_HCT116_KO_DMSO/HCT116_KO_DMSO_BR1_TR4_2.fastq.gz read 2 to /gpfs/scratch/bsc08/bsc08978/db/hi-c/processed/Cabrera_2022_HCT116_KO_DMSO
[MAPPING /gpfs/scratch/bsc08/bsc08978/db/hi-c/FASTQs/Cabrera_2022_HCT116_KO_DMSO/HCT116_KO_DMSO_BR2_TR3_2.fastq.gz READ2]   Generating Hi-C QC plot
[MAPPING /gpfs/scratch/bsc08/bsc08978/db/hi-c/FASTQs/Cabrera_2022_HCT116_KO_DMSO/HCT116_KO_DMSO_BR2_TR4_2.fastq.gz READ2]   Generating Hi-C QC plot
[MAPPING /gpfs/scratch/bsc08/bsc08978/db/hi-c/FASTQs/Cabrera_2022_HCT116_KO_DMSO/HCT116_KO_DMSO_BR2_TR2_2.fastq.gz READ2]   Generating Hi-C QC plot
[MAPPING /gpfs/scratch/bsc08/bsc08978/db/hi-c/FASTQs/Cabrera_2022_HCT116_KO_DMSO/HCT116_KO_DMSO_BR1_TR2_1.fastq.gz READ1]     - Ligation sites: 20.762%
[MAPPING /gpfs/scratch/bsc08/bsc08978/db/hi-c/FASTQs/Cabrera_2022_HCT116_KO_DMSO/HCT116_KO_DMSO_BR1_TR3_2.fastq.gz READ2]   Writing versions of TADbit and dependencies
[MAPPING /gpfs/scratch/bsc08/bsc08978/db/hi-c/FASTQs/Cabrera_2022_HCT116_KO_DMSO/HCT116_KO_DMSO_BR2_TR4_1.fastq.gz READ1]   Generating Hi-C QC plot
[MAPPING /gpfs/scratch/bsc08/bsc08978/db/hi-c/FASTQs/Cabrera_2022_HCT116_KO_DMSO/HCT116_KO_DMSO_BR2_TR1_1.fastq.gz READ1]     - Dangling-ends (sensu-stricto): 17.913%
[MAPPING /gpfs/scratch/bsc08/bsc08978/db/hi-c/FASTQs/Cabrera_2022_HCT116_KO_DMSO/HCT116_KO_DMSO_BR2_TR3_1.fastq.gz READ1]   Writing versions of TADbit and dependencies
[MAPPING /gpfs/scratch/bsc08/bsc08978/db/hi-c/FASTQs/Cabrera_2022_HCT116_KO_DMSO/HCT116_KO_DMSO_BR2_TR2_1.fastq.gz READ1]   Writing versions of TADbit and dependencies
[MAPPING /gpfs/scratch/bsc08/bsc08978/db/hi-c/FASTQs/Cabrera_2022_HCT116_KO_DMSO/HCT116_KO_DMSO_BR2_TR1_2.fastq.gz READ2]     - Dangling-ends (sensu-stricto): 18.525%
[MAPPING /gpfs/scratch/bsc08/bsc08978/db/hi-c/FASTQs/Cabrera_2022_HCT116_KO_DMSO/HCT116_KO_DMSO_BR1_TR2_1.fastq.gz READ1]   mapping /gpfs/scratch/bsc08/bsc08978/db/hi-c/FASTQs/Cabrera_2022_HCT116_KO_DMSO/HCT116_KO_DMSO_BR1_TR2_1.fastq.gz read 1 to /gpfs/scratch/bsc08/bsc08978/db/hi-c/processed/Cabrera_2022_HCT116_KO_DMSO
[MAPPING /gpfs/scratch/bsc08/bsc08978/db/hi-c/FASTQs/Cabrera_2022_HCT116_KO_DMSO/HCT116_KO_DMSO_BR1_TR4_1.fastq.gz READ1]     - Ligation sites: 20.653%
[MAPPING /gpfs/scratch/bsc08/bsc08978/db/hi-c/FASTQs/Cabrera_2022_HCT116_KO_DMSO/HCT116_KO_DMSO_BR2_TR1_1.fastq.gz READ1]     - Ligation sites: 19.406%
[MAPPING /gpfs/scratch/bsc08/bsc08978/db/hi-c/FASTQs/Cabrera_2022_HCT116_KO_DMSO/HCT116_KO_DMSO_BR2_TR2_1.fastq.gz READ1]   Generating Hi-C QC plot
[MAPPING /gpfs/scratch/bsc08/bsc08978/db/hi-c/FASTQs/Cabrera_2022_HCT116_KO_DMSO/HCT116_KO_DMSO_BR2_TR1_2.fastq.gz READ2]     - Ligation sites: 18.730%
[MAPPING /gpfs/scratch/bsc08/bsc08978/db/hi-c/FASTQs/Cabrera_2022_HCT116_KO_DMSO/HCT116_KO_DMSO_BR1_TR3_2.fastq.gz READ2]   Generating Hi-C QC plot
[MAPPING /gpfs/scratch/bsc08/bsc08978/db/hi-c/FASTQs/Cabrera_2022_HCT116_KO_DMSO/HCT116_KO_DMSO_BR1_TR3_1.fastq.gz READ1]   Writing versions of TADbit and dependencies
[MAPPING /gpfs/scratch/bsc08/bsc08978/db/hi-c/FASTQs/Cabrera_2022_HCT116_KO_DMSO/HCT116_KO_DMSO_BR2_TR1_1.fastq.gz READ1]   mapping /gpfs/scratch/bsc08/bsc08978/db/hi-c/FASTQs/Cabrera_2022_HCT116_KO_DMSO/HCT116_KO_DMSO_BR2_TR1_1.fastq.gz read 1 to /gpfs/scratch/bsc08/bsc08978/db/hi-c/processed/Cabrera_2022_HCT116_KO_DMSO
[MAPPING /gpfs/scratch/bsc08/bsc08978/db/hi-c/FASTQs/Cabrera_2022_HCT116_KO_DMSO/HCT116_KO_DMSO_BR2_TR3_1.fastq.gz READ1]   Generating Hi-C QC plot
[MAPPING /gpfs/scratch/bsc08/bsc08978/db/hi-c/FASTQs/Cabrera_2022_HCT116_KO_DMSO/HCT116_KO_DMSO_BR2_TR1_2.fastq.gz READ2]   mapping /gpfs/scratch/bsc08/bsc08978/db/hi-c/FASTQs/Cabrera_2022_HCT116_KO_DMSO/HCT116_KO_DMSO_BR2_TR1_2.fastq.gz read 2 to /gpfs/scratch/bsc08/bsc08978/db/hi-c/processed/Cabrera_2022_HCT116_KO_DMSO
[MAPPING /gpfs/scratch/bsc08/bsc08978/db/hi-c/FASTQs/Cabrera_2022_HCT116_KO_DMSO/HCT116_KO_DMSO_BR1_TR4_1.fastq.gz READ1]   mapping /gpfs/scratch/bsc08/bsc08978/db/hi-c/FASTQs/Cabrera_2022_HCT116_KO_DMSO/HCT116_KO_DMSO_BR1_TR4_1.fastq.gz read 1 to /gpfs/scratch/bsc08/bsc08978/db/hi-c/processed/Cabrera_2022_HCT116_KO_DMSO
[MAPPING /gpfs/scratch/bsc08/bsc08978/db/hi-c/FASTQs/Cabrera_2022_HCT116_KO_DMSO/HCT116_KO_DMSO_BR1_TR3_1.fastq.gz READ1]   Generating Hi-C QC plot
[MAPPING /gpfs/scratch/bsc08/bsc08978/db/hi-c/FASTQs/Cabrera_2022_HCT116_KO_DMSO/HCT116_KO_DMSO_BR2_TR3_2.fastq.gz READ2]     - Dangling-ends (sensu-stricto): 18.640%
[MAPPING /gpfs/scratch/bsc08/bsc08978/db/hi-c/FASTQs/Cabrera_2022_HCT116_KO_DMSO/HCT116_KO_DMSO_BR2_TR4_2.fastq.gz READ2]     - Dangling-ends (sensu-stricto): 18.742%
[MAPPING /gpfs/scratch/bsc08/bsc08978/db/hi-c/FASTQs/Cabrera_2022_HCT116_KO_DMSO/HCT116_KO_DMSO_BR2_TR3_2.fastq.gz READ2]     - Ligation sites: 18.943%
[MAPPING /gpfs/scratch/bsc08/bsc08978/db/hi-c/FASTQs/Cabrera_2022_HCT116_KO_DMSO/HCT116_KO_DMSO_BR2_TR3_2.fastq.gz READ2]   mapping /gpfs/scratch/bsc08/bsc08978/db/hi-c/FASTQs/Cabrera_2022_HCT116_KO_DMSO/HCT116_KO_DMSO_BR2_TR3_2.fastq.gz read 2 to /gpfs/scratch/bsc08/bsc08978/db/hi-c/processed/Cabrera_2022_HCT116_KO_DMSO
[MAPPING /gpfs/scratch/bsc08/bsc08978/db/hi-c/FASTQs/Cabrera_2022_HCT116_KO_DMSO/HCT116_KO_DMSO_BR2_TR4_2.fastq.gz READ2]     - Ligation sites: 18.285%
[MAPPING /gpfs/scratch/bsc08/bsc08978/db/hi-c/FASTQs/Cabrera_2022_HCT116_KO_DMSO/HCT116_KO_DMSO_BR2_TR4_2.fastq.gz READ2]   mapping /gpfs/scratch/bsc08/bsc08978/db/hi-c/FASTQs/Cabrera_2022_HCT116_KO_DMSO/HCT116_KO_DMSO_BR2_TR4_2.fastq.gz read 2 to /gpfs/scratch/bsc08/bsc08978/db/hi-c/processed/Cabrera_2022_HCT116_KO_DMSO
[MAPPING /gpfs/scratch/bsc08/bsc08978/db/hi-c/FASTQs/Cabrera_2022_HCT116_KO_DMSO/HCT116_KO_DMSO_BR2_TR2_2.fastq.gz READ2]     - Dangling-ends (sensu-stricto): 18.172%
[MAPPING /gpfs/scratch/bsc08/bsc08978/db/hi-c/FASTQs/Cabrera_2022_HCT116_KO_DMSO/HCT116_KO_DMSO_BR2_TR2_2.fastq.gz READ2]     - Ligation sites: 18.678%
[MAPPING /gpfs/scratch/bsc08/bsc08978/db/hi-c/FASTQs/Cabrera_2022_HCT116_KO_DMSO/HCT116_KO_DMSO_BR2_TR2_2.fastq.gz READ2]   mapping /gpfs/scratch/bsc08/bsc08978/db/hi-c/FASTQs/Cabrera_2022_HCT116_KO_DMSO/HCT116_KO_DMSO_BR2_TR2_2.fastq.gz read 2 to /gpfs/scratch/bsc08/bsc08978/db/hi-c/processed/Cabrera_2022_HCT116_KO_DMSO
[MAPPING /gpfs/scratch/bsc08/bsc08978/db/hi-c/FASTQs/Cabrera_2022_HCT116_KO_DMSO/HCT116_KO_DMSO_BR2_TR4_1.fastq.gz READ1]     - Dangling-ends (sensu-stricto): 17.676%
[MAPPING /gpfs/scratch/bsc08/bsc08978/db/hi-c/FASTQs/Cabrera_2022_HCT116_KO_DMSO/HCT116_KO_DMSO_BR2_TR4_1.fastq.gz READ1]     - Ligation sites: 19.728%
[MAPPING /gpfs/scratch/bsc08/bsc08978/db/hi-c/FASTQs/Cabrera_2022_HCT116_KO_DMSO/HCT116_KO_DMSO_BR2_TR4_1.fastq.gz READ1]   mapping /gpfs/scratch/bsc08/bsc08978/db/hi-c/FASTQs/Cabrera_2022_HCT116_KO_DMSO/HCT116_KO_DMSO_BR2_TR4_1.fastq.gz read 1 to /gpfs/scratch/bsc08/bsc08978/db/hi-c/processed/Cabrera_2022_HCT116_KO_DMSO
[MAPPING /gpfs/scratch/bsc08/bsc08978/db/hi-c/FASTQs/Cabrera_2022_HCT116_KO_DMSO/HCT116_KO_DMSO_BR1_TR3_2.fastq.gz READ2]     - Dangling-ends (sensu-stricto): 15.433%
[MAPPING /gpfs/scratch/bsc08/bsc08978/db/hi-c/FASTQs/Cabrera_2022_HCT116_KO_DMSO/HCT116_KO_DMSO_BR2_TR2_1.fastq.gz READ1]     - Dangling-ends (sensu-stricto): 17.484%
[MAPPING /gpfs/scratch/bsc08/bsc08978/db/hi-c/FASTQs/Cabrera_2022_HCT116_KO_DMSO/HCT116_KO_DMSO_BR1_TR3_2.fastq.gz READ2]     - Ligation sites: 19.878%
[MAPPING /gpfs/scratch/bsc08/bsc08978/db/hi-c/FASTQs/Cabrera_2022_HCT116_KO_DMSO/HCT116_KO_DMSO_BR1_TR3_1.fastq.gz READ1]     - Dangling-ends (sensu-stricto): 15.170%
[MAPPING /gpfs/scratch/bsc08/bsc08978/db/hi-c/FASTQs/Cabrera_2022_HCT116_KO_DMSO/HCT116_KO_DMSO_BR2_TR2_1.fastq.gz READ1]     - Ligation sites: 19.530%
[MAPPING /gpfs/scratch/bsc08/bsc08978/db/hi-c/FASTQs/Cabrera_2022_HCT116_KO_DMSO/HCT116_KO_DMSO_BR1_TR3_2.fastq.gz READ2]   mapping /gpfs/scratch/bsc08/bsc08978/db/hi-c/FASTQs/Cabrera_2022_HCT116_KO_DMSO/HCT116_KO_DMSO_BR1_TR3_2.fastq.gz read 2 to /gpfs/scratch/bsc08/bsc08978/db/hi-c/processed/Cabrera_2022_HCT116_KO_DMSO
[MAPPING /gpfs/scratch/bsc08/bsc08978/db/hi-c/FASTQs/Cabrera_2022_HCT116_KO_DMSO/HCT116_KO_DMSO_BR1_TR3_1.fastq.gz READ1]     - Ligation sites: 20.906%
[MAPPING /gpfs/scratch/bsc08/bsc08978/db/hi-c/FASTQs/Cabrera_2022_HCT116_KO_DMSO/HCT116_KO_DMSO_BR2_TR2_1.fastq.gz READ1]   mapping /gpfs/scratch/bsc08/bsc08978/db/hi-c/FASTQs/Cabrera_2022_HCT116_KO_DMSO/HCT116_KO_DMSO_BR2_TR2_1.fastq.gz read 1 to /gpfs/scratch/bsc08/bsc08978/db/hi-c/processed/Cabrera_2022_HCT116_KO_DMSO
[MAPPING /gpfs/scratch/bsc08/bsc08978/db/hi-c/FASTQs/Cabrera_2022_HCT116_KO_DMSO/HCT116_KO_DMSO_BR1_TR3_1.fastq.gz READ1]   mapping /gpfs/scratch/bsc08/bsc08978/db/hi-c/FASTQs/Cabrera_2022_HCT116_KO_DMSO/HCT116_KO_DMSO_BR1_TR3_1.fastq.gz read 1 to /gpfs/scratch/bsc08/bsc08978/db/hi-c/processed/Cabrera_2022_HCT116_KO_DMSO
[MAPPING /gpfs/scratch/bsc08/bsc08978/db/hi-c/FASTQs/Cabrera_2022_HCT116_KO_DMSO/HCT116_KO_DMSO_BR2_TR3_1.fastq.gz READ1]     - Dangling-ends (sensu-stricto): 17.743%
[MAPPING /gpfs/scratch/bsc08/bsc08978/db/hi-c/FASTQs/Cabrera_2022_HCT116_KO_DMSO/HCT116_KO_DMSO_BR2_TR3_1.fastq.gz READ1]     - Ligation sites: 19.823%
[MAPPING /gpfs/scratch/bsc08/bsc08978/db/hi-c/FASTQs/Cabrera_2022_HCT116_KO_DMSO/HCT116_KO_DMSO_BR2_TR3_1.fastq.gz READ1]   mapping /gpfs/scratch/bsc08/bsc08978/db/hi-c/FASTQs/Cabrera_2022_HCT116_KO_DMSO/HCT116_KO_DMSO_BR2_TR3_1.fastq.gz read 1 to /gpfs/scratch/bsc08/bsc08978/db/hi-c/processed/Cabrera_2022_HCT116_KO_DMSO
[MAPPING /gpfs/scratch/bsc08/bsc08978/db/hi-c/FASTQs/Cabrera_2022_HCT116_KO_DMSO/HCT116_KO_DMSO_BR2_TR1_1.fastq.gz READ1]   cleaning temporary files
[MAPPING /gpfs/scratch/bsc08/bsc08978/db/hi-c/FASTQs/Cabrera_2022_HCT116_KO_DMSO/HCT116_KO_DMSO_BR2_TR1_2.fastq.gz READ2]   cleaning temporary files
[MAPPING /gpfs/scratch/bsc08/bsc08978/db/hi-c/FASTQs/Cabrera_2022_HCT116_KO_DMSO/HCT116_KO_DMSO_BR2_TR4_2.fastq.gz READ2]   cleaning temporary files
[MAPPING /gpfs/scratch/bsc08/bsc08978/db/hi-c/FASTQs/Cabrera_2022_HCT116_KO_DMSO/HCT116_KO_DMSO_BR2_TR3_1.fastq.gz READ1]   cleaning temporary files
[MAPPING /gpfs/scratch/bsc08/bsc08978/db/hi-c/FASTQs/Cabrera_2022_HCT116_KO_DMSO/HCT116_KO_DMSO_BR2_TR2_2.fastq.gz READ2]   cleaning temporary files
[MAPPING /gpfs/scratch/bsc08/bsc08978/db/hi-c/FASTQs/Cabrera_2022_HCT116_KO_DMSO/HCT116_KO_DMSO_BR2_TR2_1.fastq.gz READ1]   cleaning temporary files
[MAPPING /gpfs/scratch/bsc08/bsc08978/db/hi-c/FASTQs/Cabrera_2022_HCT116_KO_DMSO/HCT116_KO_DMSO_BR2_TR4_1.fastq.gz READ1]   cleaning temporary files
[MAPPING /gpfs/scratch/bsc08/bsc08978/db/hi-c/FASTQs/Cabrera_2022_HCT116_KO_DMSO/HCT116_KO_DMSO_BR2_TR3_2.fastq.gz READ2]   cleaning temporary files
[MAPPING /gpfs/scratch/bsc08/bsc08978/db/hi-c/FASTQs/Cabrera_2022_HCT116_KO_DMSO/HCT116_KO_DMSO_BR1_TR1_1.fastq.gz READ1]   cleaning temporary files
[MAPPING /gpfs/scratch/bsc08/bsc08978/db/hi-c/FASTQs/Cabrera_2022_HCT116_KO_DMSO/HCT116_KO_DMSO_BR1_TR1_2.fastq.gz READ2]   cleaning temporary files
[MAPPING /gpfs/scratch/bsc08/bsc08978/db/hi-c/FASTQs/Cabrera_2022_HCT116_KO_DMSO/HCT116_KO_DMSO_BR1_TR2_2.fastq.gz READ2]   cleaning temporary files
[MAPPING /gpfs/scratch/bsc08/bsc08978/db/hi-c/FASTQs/Cabrera_2022_HCT116_KO_DMSO/HCT116_KO_DMSO_BR1_TR3_2.fastq.gz READ2]   cleaning temporary files
[MAPPING /gpfs/scratch/bsc08/bsc08978/db/hi-c/FASTQs/Cabrera_2022_HCT116_KO_DMSO/HCT116_KO_DMSO_BR1_TR3_1.fastq.gz READ1]   cleaning temporary files
[MAPPING /gpfs/scratch/bsc08/bsc08978/db/hi-c/FASTQs/Cabrera_2022_HCT116_KO_DMSO/HCT116_KO_DMSO_BR1_TR4_1.fastq.gz READ1]   cleaning temporary files
[MAPPING /gpfs/scratch/bsc08/bsc08978/db/hi-c/FASTQs/Cabrera_2022_HCT116_KO_DMSO/HCT116_KO_DMSO_BR1_TR4_2.fastq.gz READ2]   cleaning temporary files
[MAPPING /gpfs/scratch/bsc08/bsc08978/db/hi-c/FASTQs/Cabrera_2022_HCT116_KO_DMSO/HCT116_KO_DMSO_BR1_TR2_1.fastq.gz READ1]   cleaning temporary files
[PARSING]   Writing versions of TADbit and dependencies
[PARSING]   parsing genomic sequence
[PARSING]   parsing reads in Cabrera_2022_HCT116_KO_DMSO project
