[MAPPING /gpfs/scratch/bsc08/bsc08978/db/hi-c/FASTQs/Cabrera_2022_HCT116_WT_DMSO/HCT116_WT_DMSO_BR1_TR1_1.fastq.gz READ1]   Writing versions of TADbit and dependencies
[MAPPING /gpfs/scratch/bsc08/bsc08978/db/hi-c/FASTQs/Cabrera_2022_HCT116_WT_DMSO/HCT116_WT_DMSO_BR1_TR1_2.fastq.gz READ2]   Writing versions of TADbit and dependencies
[MAPPING /gpfs/scratch/bsc08/bsc08978/db/hi-c/FASTQs/Cabrera_2022_HCT116_WT_DMSO/HCT116_WT_DMSO_BR1_TR1_2.fastq.gz READ2]   Generating Hi-C QC plot
[MAPPING /gpfs/scratch/bsc08/bsc08978/db/hi-c/FASTQs/Cabrera_2022_HCT116_WT_DMSO/HCT116_WT_DMSO_BR1_TR1_1.fastq.gz READ1]   Generating Hi-C QC plot
[MAPPING /gpfs/scratch/bsc08/bsc08978/db/hi-c/FASTQs/Cabrera_2022_HCT116_WT_DMSO/HCT116_WT_DMSO_BR1_TR2_1.fastq.gz READ1]   Writing versions of TADbit and dependencies
[MAPPING /gpfs/scratch/bsc08/bsc08978/db/hi-c/FASTQs/Cabrera_2022_HCT116_WT_DMSO/HCT116_WT_DMSO_BR1_TR2_1.fastq.gz READ1]   Generating Hi-C QC plot
[MAPPING /gpfs/scratch/bsc08/bsc08978/db/hi-c/FASTQs/Cabrera_2022_HCT116_WT_DMSO/HCT116_WT_DMSO_BR1_TR2_2.fastq.gz READ2]   Writing versions of TADbit and dependencies
[MAPPING /gpfs/scratch/bsc08/bsc08978/db/hi-c/FASTQs/Cabrera_2022_HCT116_WT_DMSO/HCT116_WT_DMSO_BR1_TR2_2.fastq.gz READ2]   Generating Hi-C QC plot
[MAPPING /gpfs/scratch/bsc08/bsc08978/db/hi-c/FASTQs/Cabrera_2022_HCT116_WT_DMSO/HCT116_WT_DMSO_BR1_TR3_1.fastq.gz READ1]   Writing versions of TADbit and dependencies
[MAPPING /gpfs/scratch/bsc08/bsc08978/db/hi-c/FASTQs/Cabrera_2022_HCT116_WT_DMSO/HCT116_WT_DMSO_BR1_TR3_1.fastq.gz READ1]   Generating Hi-C QC plot
[MAPPING /gpfs/scratch/bsc08/bsc08978/db/hi-c/FASTQs/Cabrera_2022_HCT116_WT_DMSO/HCT116_WT_DMSO_BR2_TR1_2.fastq.gz READ2]   Writing versions of TADbit and dependencies
[MAPPING /gpfs/scratch/bsc08/bsc08978/db/hi-c/FASTQs/Cabrera_2022_HCT116_WT_DMSO/HCT116_WT_DMSO_BR2_TR1_1.fastq.gz READ1]   Writing versions of TADbit and dependencies
[MAPPING /gpfs/scratch/bsc08/bsc08978/db/hi-c/FASTQs/Cabrera_2022_HCT116_WT_DMSO/HCT116_WT_DMSO_BR2_TR1_1.fastq.gz READ1]   Generating Hi-C QC plot
[MAPPING /gpfs/scratch/bsc08/bsc08978/db/hi-c/FASTQs/Cabrera_2022_HCT116_WT_DMSO/HCT116_WT_DMSO_BR2_TR1_2.fastq.gz READ2]   Generating Hi-C QC plot
[MAPPING /gpfs/scratch/bsc08/bsc08978/db/hi-c/FASTQs/Cabrera_2022_HCT116_WT_DMSO/HCT116_WT_DMSO_BR2_TR3_2.fastq.gz READ2]   Writing versions of TADbit and dependencies
[MAPPING /gpfs/scratch/bsc08/bsc08978/db/hi-c/FASTQs/Cabrera_2022_HCT116_WT_DMSO/HCT116_WT_DMSO_BR2_TR3_1.fastq.gz READ1]   Writing versions of TADbit and dependencies
[MAPPING /gpfs/scratch/bsc08/bsc08978/db/hi-c/FASTQs/Cabrera_2022_HCT116_WT_DMSO/HCT116_WT_DMSO_BR2_TR3_1.fastq.gz READ1]   Generating Hi-C QC plot
[MAPPING /gpfs/scratch/bsc08/bsc08978/db/hi-c/FASTQs/Cabrera_2022_HCT116_WT_DMSO/HCT116_WT_DMSO_BR2_TR3_2.fastq.gz READ2]   Generating Hi-C QC plot
[MAPPING /gpfs/scratch/bsc08/bsc08978/db/hi-c/FASTQs/Cabrera_2022_HCT116_WT_DMSO/HCT116_WT_DMSO_BR2_TR4_2.fastq.gz READ2]   Writing versions of TADbit and dependencies
[MAPPING /gpfs/scratch/bsc08/bsc08978/db/hi-c/FASTQs/Cabrera_2022_HCT116_WT_DMSO/HCT116_WT_DMSO_BR2_TR4_1.fastq.gz READ1]   Writing versions of TADbit and dependencies
[MAPPING /gpfs/scratch/bsc08/bsc08978/db/hi-c/FASTQs/Cabrera_2022_HCT116_WT_DMSO/HCT116_WT_DMSO_BR2_TR4_1.fastq.gz READ1]   Generating Hi-C QC plot
[MAPPING /gpfs/scratch/bsc08/bsc08978/db/hi-c/FASTQs/Cabrera_2022_HCT116_WT_DMSO/HCT116_WT_DMSO_BR2_TR4_2.fastq.gz READ2]   Generating Hi-C QC plot
[MAPPING /gpfs/scratch/bsc08/bsc08978/db/hi-c/FASTQs/Cabrera_2022_HCT116_WT_DMSO/HCT116_WT_DMSO_BR1_TR4_1.fastq.gz READ1]   Writing versions of TADbit and dependencies
[MAPPING /gpfs/scratch/bsc08/bsc08978/db/hi-c/FASTQs/Cabrera_2022_HCT116_WT_DMSO/HCT116_WT_DMSO_BR2_TR2_2.fastq.gz READ2]   Writing versions of TADbit and dependencies
[MAPPING /gpfs/scratch/bsc08/bsc08978/db/hi-c/FASTQs/Cabrera_2022_HCT116_WT_DMSO/HCT116_WT_DMSO_BR1_TR4_1.fastq.gz READ1]   Generating Hi-C QC plot
[MAPPING /gpfs/scratch/bsc08/bsc08978/db/hi-c/FASTQs/Cabrera_2022_HCT116_WT_DMSO/HCT116_WT_DMSO_BR2_TR2_2.fastq.gz READ2]   Generating Hi-C QC plot
[MAPPING /gpfs/scratch/bsc08/bsc08978/db/hi-c/FASTQs/Cabrera_2022_HCT116_WT_DMSO/HCT116_WT_DMSO_BR1_TR3_2.fastq.gz READ2]   Writing versions of TADbit and dependencies
[MAPPING /gpfs/scratch/bsc08/bsc08978/db/hi-c/FASTQs/Cabrera_2022_HCT116_WT_DMSO/HCT116_WT_DMSO_BR1_TR3_2.fastq.gz READ2]   Generating Hi-C QC plot
[MAPPING /gpfs/scratch/bsc08/bsc08978/db/hi-c/FASTQs/Cabrera_2022_HCT116_WT_DMSO/HCT116_WT_DMSO_BR1_TR4_2.fastq.gz READ2]   Writing versions of TADbit and dependencies
[MAPPING /gpfs/scratch/bsc08/bsc08978/db/hi-c/FASTQs/Cabrera_2022_HCT116_WT_DMSO/HCT116_WT_DMSO_BR1_TR4_2.fastq.gz READ2]   Generating Hi-C QC plot
[MAPPING /gpfs/scratch/bsc08/bsc08978/db/hi-c/FASTQs/Cabrera_2022_HCT116_WT_DMSO/HCT116_WT_DMSO_BR2_TR2_1.fastq.gz READ1]   Writing versions of TADbit and dependencies
[MAPPING /gpfs/scratch/bsc08/bsc08978/db/hi-c/FASTQs/Cabrera_2022_HCT116_WT_DMSO/HCT116_WT_DMSO_BR2_TR2_1.fastq.gz READ1]   Generating Hi-C QC plot
[MAPPING /gpfs/scratch/bsc08/bsc08978/db/hi-c/FASTQs/Cabrera_2022_HCT116_WT_DMSO/HCT116_WT_DMSO_BR1_TR1_1.fastq.gz READ1]     - Dangling-ends (sensu-stricto): 12.791%
[MAPPING /gpfs/scratch/bsc08/bsc08978/db/hi-c/FASTQs/Cabrera_2022_HCT116_WT_DMSO/HCT116_WT_DMSO_BR1_TR1_1.fastq.gz READ1]     - Ligation sites: 21.748%
[MAPPING /gpfs/scratch/bsc08/bsc08978/db/hi-c/FASTQs/Cabrera_2022_HCT116_WT_DMSO/HCT116_WT_DMSO_BR1_TR1_1.fastq.gz READ1]   mapping /gpfs/scratch/bsc08/bsc08978/db/hi-c/FASTQs/Cabrera_2022_HCT116_WT_DMSO/HCT116_WT_DMSO_BR1_TR1_1.fastq.gz read 1 to /gpfs/scratch/bsc08/bsc08978/db/hi-c/processed/Cabrera_2022_HCT116_WT_DMSO
[MAPPING /gpfs/scratch/bsc08/bsc08978/db/hi-c/FASTQs/Cabrera_2022_HCT116_WT_DMSO/HCT116_WT_DMSO_BR1_TR1_2.fastq.gz READ2]     - Dangling-ends (sensu-stricto): 13.223%
[MAPPING /gpfs/scratch/bsc08/bsc08978/db/hi-c/FASTQs/Cabrera_2022_HCT116_WT_DMSO/HCT116_WT_DMSO_BR1_TR1_2.fastq.gz READ2]     - Ligation sites: 21.529%
[MAPPING /gpfs/scratch/bsc08/bsc08978/db/hi-c/FASTQs/Cabrera_2022_HCT116_WT_DMSO/HCT116_WT_DMSO_BR1_TR1_2.fastq.gz READ2]   mapping /gpfs/scratch/bsc08/bsc08978/db/hi-c/FASTQs/Cabrera_2022_HCT116_WT_DMSO/HCT116_WT_DMSO_BR1_TR1_2.fastq.gz read 2 to /gpfs/scratch/bsc08/bsc08978/db/hi-c/processed/Cabrera_2022_HCT116_WT_DMSO
[MAPPING /gpfs/scratch/bsc08/bsc08978/db/hi-c/FASTQs/Cabrera_2022_HCT116_WT_DMSO/HCT116_WT_DMSO_BR1_TR2_1.fastq.gz READ1]     - Dangling-ends (sensu-stricto): 12.834%
[MAPPING /gpfs/scratch/bsc08/bsc08978/db/hi-c/FASTQs/Cabrera_2022_HCT116_WT_DMSO/HCT116_WT_DMSO_BR1_TR2_2.fastq.gz READ2]     - Dangling-ends (sensu-stricto): 13.012%
[MAPPING /gpfs/scratch/bsc08/bsc08978/db/hi-c/FASTQs/Cabrera_2022_HCT116_WT_DMSO/HCT116_WT_DMSO_BR1_TR2_1.fastq.gz READ1]     - Ligation sites: 21.757%
[MAPPING /gpfs/scratch/bsc08/bsc08978/db/hi-c/FASTQs/Cabrera_2022_HCT116_WT_DMSO/HCT116_WT_DMSO_BR1_TR2_2.fastq.gz READ2]     - Ligation sites: 21.199%
[MAPPING /gpfs/scratch/bsc08/bsc08978/db/hi-c/FASTQs/Cabrera_2022_HCT116_WT_DMSO/HCT116_WT_DMSO_BR1_TR2_1.fastq.gz READ1]   mapping /gpfs/scratch/bsc08/bsc08978/db/hi-c/FASTQs/Cabrera_2022_HCT116_WT_DMSO/HCT116_WT_DMSO_BR1_TR2_1.fastq.gz read 1 to /gpfs/scratch/bsc08/bsc08978/db/hi-c/processed/Cabrera_2022_HCT116_WT_DMSO
[MAPPING /gpfs/scratch/bsc08/bsc08978/db/hi-c/FASTQs/Cabrera_2022_HCT116_WT_DMSO/HCT116_WT_DMSO_BR1_TR2_2.fastq.gz READ2]   mapping /gpfs/scratch/bsc08/bsc08978/db/hi-c/FASTQs/Cabrera_2022_HCT116_WT_DMSO/HCT116_WT_DMSO_BR1_TR2_2.fastq.gz read 2 to /gpfs/scratch/bsc08/bsc08978/db/hi-c/processed/Cabrera_2022_HCT116_WT_DMSO
[MAPPING /gpfs/scratch/bsc08/bsc08978/db/hi-c/FASTQs/Cabrera_2022_HCT116_WT_DMSO/HCT116_WT_DMSO_BR1_TR3_1.fastq.gz READ1]     - Dangling-ends (sensu-stricto): 12.587%
[MAPPING /gpfs/scratch/bsc08/bsc08978/db/hi-c/FASTQs/Cabrera_2022_HCT116_WT_DMSO/HCT116_WT_DMSO_BR1_TR3_1.fastq.gz READ1]     - Ligation sites: 22.097%
[MAPPING /gpfs/scratch/bsc08/bsc08978/db/hi-c/FASTQs/Cabrera_2022_HCT116_WT_DMSO/HCT116_WT_DMSO_BR1_TR3_1.fastq.gz READ1]   mapping /gpfs/scratch/bsc08/bsc08978/db/hi-c/FASTQs/Cabrera_2022_HCT116_WT_DMSO/HCT116_WT_DMSO_BR1_TR3_1.fastq.gz read 1 to /gpfs/scratch/bsc08/bsc08978/db/hi-c/processed/Cabrera_2022_HCT116_WT_DMSO
[MAPPING /gpfs/scratch/bsc08/bsc08978/db/hi-c/FASTQs/Cabrera_2022_HCT116_WT_DMSO/HCT116_WT_DMSO_BR2_TR1_1.fastq.gz READ1]     - Dangling-ends (sensu-stricto): 14.047%
[MAPPING /gpfs/scratch/bsc08/bsc08978/db/hi-c/FASTQs/Cabrera_2022_HCT116_WT_DMSO/HCT116_WT_DMSO_BR2_TR1_1.fastq.gz READ1]     - Ligation sites: 20.213%
[MAPPING /gpfs/scratch/bsc08/bsc08978/db/hi-c/FASTQs/Cabrera_2022_HCT116_WT_DMSO/HCT116_WT_DMSO_BR2_TR1_1.fastq.gz READ1]   mapping /gpfs/scratch/bsc08/bsc08978/db/hi-c/FASTQs/Cabrera_2022_HCT116_WT_DMSO/HCT116_WT_DMSO_BR2_TR1_1.fastq.gz read 1 to /gpfs/scratch/bsc08/bsc08978/db/hi-c/processed/Cabrera_2022_HCT116_WT_DMSO
[MAPPING /gpfs/scratch/bsc08/bsc08978/db/hi-c/FASTQs/Cabrera_2022_HCT116_WT_DMSO/HCT116_WT_DMSO_BR2_TR1_2.fastq.gz READ2]     - Dangling-ends (sensu-stricto): 15.294%
[MAPPING /gpfs/scratch/bsc08/bsc08978/db/hi-c/FASTQs/Cabrera_2022_HCT116_WT_DMSO/HCT116_WT_DMSO_BR2_TR1_2.fastq.gz READ2]     - Ligation sites: 19.887%
[MAPPING /gpfs/scratch/bsc08/bsc08978/db/hi-c/FASTQs/Cabrera_2022_HCT116_WT_DMSO/HCT116_WT_DMSO_BR2_TR1_2.fastq.gz READ2]   mapping /gpfs/scratch/bsc08/bsc08978/db/hi-c/FASTQs/Cabrera_2022_HCT116_WT_DMSO/HCT116_WT_DMSO_BR2_TR1_2.fastq.gz read 2 to /gpfs/scratch/bsc08/bsc08978/db/hi-c/processed/Cabrera_2022_HCT116_WT_DMSO
[MAPPING /gpfs/scratch/bsc08/bsc08978/db/hi-c/FASTQs/Cabrera_2022_HCT116_WT_DMSO/HCT116_WT_DMSO_BR2_TR3_1.fastq.gz READ1]     - Dangling-ends (sensu-stricto): 14.346%
[MAPPING /gpfs/scratch/bsc08/bsc08978/db/hi-c/FASTQs/Cabrera_2022_HCT116_WT_DMSO/HCT116_WT_DMSO_BR2_TR3_2.fastq.gz READ2]     - Dangling-ends (sensu-stricto): 14.571%
[MAPPING /gpfs/scratch/bsc08/bsc08978/db/hi-c/FASTQs/Cabrera_2022_HCT116_WT_DMSO/HCT116_WT_DMSO_BR2_TR3_1.fastq.gz READ1]     - Ligation sites: 20.338%
[MAPPING /gpfs/scratch/bsc08/bsc08978/db/hi-c/FASTQs/Cabrera_2022_HCT116_WT_DMSO/HCT116_WT_DMSO_BR2_TR3_1.fastq.gz READ1]   mapping /gpfs/scratch/bsc08/bsc08978/db/hi-c/FASTQs/Cabrera_2022_HCT116_WT_DMSO/HCT116_WT_DMSO_BR2_TR3_1.fastq.gz read 1 to /gpfs/scratch/bsc08/bsc08978/db/hi-c/processed/Cabrera_2022_HCT116_WT_DMSO
[MAPPING /gpfs/scratch/bsc08/bsc08978/db/hi-c/FASTQs/Cabrera_2022_HCT116_WT_DMSO/HCT116_WT_DMSO_BR2_TR3_2.fastq.gz READ2]     - Ligation sites: 19.762%
[MAPPING /gpfs/scratch/bsc08/bsc08978/db/hi-c/FASTQs/Cabrera_2022_HCT116_WT_DMSO/HCT116_WT_DMSO_BR2_TR3_2.fastq.gz READ2]   mapping /gpfs/scratch/bsc08/bsc08978/db/hi-c/FASTQs/Cabrera_2022_HCT116_WT_DMSO/HCT116_WT_DMSO_BR2_TR3_2.fastq.gz read 2 to /gpfs/scratch/bsc08/bsc08978/db/hi-c/processed/Cabrera_2022_HCT116_WT_DMSO
[MAPPING /gpfs/scratch/bsc08/bsc08978/db/hi-c/FASTQs/Cabrera_2022_HCT116_WT_DMSO/HCT116_WT_DMSO_BR2_TR4_1.fastq.gz READ1]     - Dangling-ends (sensu-stricto): 14.575%
[MAPPING /gpfs/scratch/bsc08/bsc08978/db/hi-c/FASTQs/Cabrera_2022_HCT116_WT_DMSO/HCT116_WT_DMSO_BR2_TR4_2.fastq.gz READ2]     - Dangling-ends (sensu-stricto): 15.077%
[MAPPING /gpfs/scratch/bsc08/bsc08978/db/hi-c/FASTQs/Cabrera_2022_HCT116_WT_DMSO/HCT116_WT_DMSO_BR2_TR4_1.fastq.gz READ1]     - Ligation sites: 20.249%
[MAPPING /gpfs/scratch/bsc08/bsc08978/db/hi-c/FASTQs/Cabrera_2022_HCT116_WT_DMSO/HCT116_WT_DMSO_BR2_TR4_2.fastq.gz READ2]     - Ligation sites: 19.347%
[MAPPING /gpfs/scratch/bsc08/bsc08978/db/hi-c/FASTQs/Cabrera_2022_HCT116_WT_DMSO/HCT116_WT_DMSO_BR2_TR4_1.fastq.gz READ1]   mapping /gpfs/scratch/bsc08/bsc08978/db/hi-c/FASTQs/Cabrera_2022_HCT116_WT_DMSO/HCT116_WT_DMSO_BR2_TR4_1.fastq.gz read 1 to /gpfs/scratch/bsc08/bsc08978/db/hi-c/processed/Cabrera_2022_HCT116_WT_DMSO
[MAPPING /gpfs/scratch/bsc08/bsc08978/db/hi-c/FASTQs/Cabrera_2022_HCT116_WT_DMSO/HCT116_WT_DMSO_BR2_TR4_2.fastq.gz READ2]   mapping /gpfs/scratch/bsc08/bsc08978/db/hi-c/FASTQs/Cabrera_2022_HCT116_WT_DMSO/HCT116_WT_DMSO_BR2_TR4_2.fastq.gz read 2 to /gpfs/scratch/bsc08/bsc08978/db/hi-c/processed/Cabrera_2022_HCT116_WT_DMSO
[MAPPING /gpfs/scratch/bsc08/bsc08978/db/hi-c/FASTQs/Cabrera_2022_HCT116_WT_DMSO/HCT116_WT_DMSO_BR2_TR2_2.fastq.gz READ2]     - Dangling-ends (sensu-stricto): 15.075%
[MAPPING /gpfs/scratch/bsc08/bsc08978/db/hi-c/FASTQs/Cabrera_2022_HCT116_WT_DMSO/HCT116_WT_DMSO_BR2_TR2_2.fastq.gz READ2]     - Ligation sites: 19.777%
[MAPPING /gpfs/scratch/bsc08/bsc08978/db/hi-c/FASTQs/Cabrera_2022_HCT116_WT_DMSO/HCT116_WT_DMSO_BR2_TR2_2.fastq.gz READ2]   mapping /gpfs/scratch/bsc08/bsc08978/db/hi-c/FASTQs/Cabrera_2022_HCT116_WT_DMSO/HCT116_WT_DMSO_BR2_TR2_2.fastq.gz read 2 to /gpfs/scratch/bsc08/bsc08978/db/hi-c/processed/Cabrera_2022_HCT116_WT_DMSO
[MAPPING /gpfs/scratch/bsc08/bsc08978/db/hi-c/FASTQs/Cabrera_2022_HCT116_WT_DMSO/HCT116_WT_DMSO_BR1_TR4_1.fastq.gz READ1]     - Dangling-ends (sensu-stricto): 12.642%
[MAPPING /gpfs/scratch/bsc08/bsc08978/db/hi-c/FASTQs/Cabrera_2022_HCT116_WT_DMSO/HCT116_WT_DMSO_BR1_TR4_1.fastq.gz READ1]     - Ligation sites: 21.948%
[MAPPING /gpfs/scratch/bsc08/bsc08978/db/hi-c/FASTQs/Cabrera_2022_HCT116_WT_DMSO/HCT116_WT_DMSO_BR1_TR4_1.fastq.gz READ1]   mapping /gpfs/scratch/bsc08/bsc08978/db/hi-c/FASTQs/Cabrera_2022_HCT116_WT_DMSO/HCT116_WT_DMSO_BR1_TR4_1.fastq.gz read 1 to /gpfs/scratch/bsc08/bsc08978/db/hi-c/processed/Cabrera_2022_HCT116_WT_DMSO
[MAPPING /gpfs/scratch/bsc08/bsc08978/db/hi-c/FASTQs/Cabrera_2022_HCT116_WT_DMSO/HCT116_WT_DMSO_BR1_TR3_2.fastq.gz READ2]     - Dangling-ends (sensu-stricto): 13.132%
[MAPPING /gpfs/scratch/bsc08/bsc08978/db/hi-c/FASTQs/Cabrera_2022_HCT116_WT_DMSO/HCT116_WT_DMSO_BR1_TR3_2.fastq.gz READ2]     - Ligation sites: 21.348%
[MAPPING /gpfs/scratch/bsc08/bsc08978/db/hi-c/FASTQs/Cabrera_2022_HCT116_WT_DMSO/HCT116_WT_DMSO_BR1_TR3_2.fastq.gz READ2]   mapping /gpfs/scratch/bsc08/bsc08978/db/hi-c/FASTQs/Cabrera_2022_HCT116_WT_DMSO/HCT116_WT_DMSO_BR1_TR3_2.fastq.gz read 2 to /gpfs/scratch/bsc08/bsc08978/db/hi-c/processed/Cabrera_2022_HCT116_WT_DMSO
[MAPPING /gpfs/scratch/bsc08/bsc08978/db/hi-c/FASTQs/Cabrera_2022_HCT116_WT_DMSO/HCT116_WT_DMSO_BR2_TR2_1.fastq.gz READ1]     - Dangling-ends (sensu-stricto): 14.423%
[MAPPING /gpfs/scratch/bsc08/bsc08978/db/hi-c/FASTQs/Cabrera_2022_HCT116_WT_DMSO/HCT116_WT_DMSO_BR2_TR2_1.fastq.gz READ1]     - Ligation sites: 20.618%
[MAPPING /gpfs/scratch/bsc08/bsc08978/db/hi-c/FASTQs/Cabrera_2022_HCT116_WT_DMSO/HCT116_WT_DMSO_BR2_TR2_1.fastq.gz READ1]   mapping /gpfs/scratch/bsc08/bsc08978/db/hi-c/FASTQs/Cabrera_2022_HCT116_WT_DMSO/HCT116_WT_DMSO_BR2_TR2_1.fastq.gz read 1 to /gpfs/scratch/bsc08/bsc08978/db/hi-c/processed/Cabrera_2022_HCT116_WT_DMSO
[MAPPING /gpfs/scratch/bsc08/bsc08978/db/hi-c/FASTQs/Cabrera_2022_HCT116_WT_DMSO/HCT116_WT_DMSO_BR1_TR4_2.fastq.gz READ2]     - Dangling-ends (sensu-stricto): 13.207%
[MAPPING /gpfs/scratch/bsc08/bsc08978/db/hi-c/FASTQs/Cabrera_2022_HCT116_WT_DMSO/HCT116_WT_DMSO_BR1_TR4_2.fastq.gz READ2]     - Ligation sites: 21.077%
[MAPPING /gpfs/scratch/bsc08/bsc08978/db/hi-c/FASTQs/Cabrera_2022_HCT116_WT_DMSO/HCT116_WT_DMSO_BR1_TR4_2.fastq.gz READ2]   mapping /gpfs/scratch/bsc08/bsc08978/db/hi-c/FASTQs/Cabrera_2022_HCT116_WT_DMSO/HCT116_WT_DMSO_BR1_TR4_2.fastq.gz read 2 to /gpfs/scratch/bsc08/bsc08978/db/hi-c/processed/Cabrera_2022_HCT116_WT_DMSO
[MAPPING /gpfs/scratch/bsc08/bsc08978/db/hi-c/FASTQs/Cabrera_2022_HCT116_WT_DMSO/HCT116_WT_DMSO_BR1_TR1_2.fastq.gz READ2]   cleaning temporary files
[MAPPING /gpfs/scratch/bsc08/bsc08978/db/hi-c/FASTQs/Cabrera_2022_HCT116_WT_DMSO/HCT116_WT_DMSO_BR1_TR2_1.fastq.gz READ1]   cleaning temporary files
[MAPPING /gpfs/scratch/bsc08/bsc08978/db/hi-c/FASTQs/Cabrera_2022_HCT116_WT_DMSO/HCT116_WT_DMSO_BR1_TR3_1.fastq.gz READ1]   cleaning temporary files
[MAPPING /gpfs/scratch/bsc08/bsc08978/db/hi-c/FASTQs/Cabrera_2022_HCT116_WT_DMSO/HCT116_WT_DMSO_BR1_TR1_1.fastq.gz READ1]   cleaning temporary files
[MAPPING /gpfs/scratch/bsc08/bsc08978/db/hi-c/FASTQs/Cabrera_2022_HCT116_WT_DMSO/HCT116_WT_DMSO_BR1_TR3_2.fastq.gz READ2]   cleaning temporary files
[MAPPING /gpfs/scratch/bsc08/bsc08978/db/hi-c/FASTQs/Cabrera_2022_HCT116_WT_DMSO/HCT116_WT_DMSO_BR1_TR2_2.fastq.gz READ2]   cleaning temporary files
[MAPPING /gpfs/scratch/bsc08/bsc08978/db/hi-c/FASTQs/Cabrera_2022_HCT116_WT_DMSO/HCT116_WT_DMSO_BR1_TR4_1.fastq.gz READ1]   cleaning temporary files
[MAPPING /gpfs/scratch/bsc08/bsc08978/db/hi-c/FASTQs/Cabrera_2022_HCT116_WT_DMSO/HCT116_WT_DMSO_BR1_TR4_2.fastq.gz READ2]   cleaning temporary files
[MAPPING /gpfs/scratch/bsc08/bsc08978/db/hi-c/FASTQs/Cabrera_2022_HCT116_WT_DMSO/HCT116_WT_DMSO_BR2_TR2_2.fastq.gz READ2]   cleaning temporary files
[MAPPING /gpfs/scratch/bsc08/bsc08978/db/hi-c/FASTQs/Cabrera_2022_HCT116_WT_DMSO/HCT116_WT_DMSO_BR2_TR4_1.fastq.gz READ1]   cleaning temporary files
[MAPPING /gpfs/scratch/bsc08/bsc08978/db/hi-c/FASTQs/Cabrera_2022_HCT116_WT_DMSO/HCT116_WT_DMSO_BR2_TR1_2.fastq.gz READ2]   cleaning temporary files
[MAPPING /gpfs/scratch/bsc08/bsc08978/db/hi-c/FASTQs/Cabrera_2022_HCT116_WT_DMSO/HCT116_WT_DMSO_BR2_TR3_1.fastq.gz READ1]   cleaning temporary files
[MAPPING /gpfs/scratch/bsc08/bsc08978/db/hi-c/FASTQs/Cabrera_2022_HCT116_WT_DMSO/HCT116_WT_DMSO_BR2_TR2_1.fastq.gz READ1]   cleaning temporary files
[MAPPING /gpfs/scratch/bsc08/bsc08978/db/hi-c/FASTQs/Cabrera_2022_HCT116_WT_DMSO/HCT116_WT_DMSO_BR2_TR1_1.fastq.gz READ1]   cleaning temporary files
[MAPPING /gpfs/scratch/bsc08/bsc08978/db/hi-c/FASTQs/Cabrera_2022_HCT116_WT_DMSO/HCT116_WT_DMSO_BR2_TR4_2.fastq.gz READ2]   cleaning temporary files
[MAPPING /gpfs/scratch/bsc08/bsc08978/db/hi-c/FASTQs/Cabrera_2022_HCT116_WT_DMSO/HCT116_WT_DMSO_BR2_TR3_2.fastq.gz READ2]   cleaning temporary files
[PARSING]   Writing versions of TADbit and dependencies
[PARSING]   parsing genomic sequence
[PARSING]   parsing reads in Cabrera_2022_HCT116_WT_DMSO project
