[MAPPING /gpfs/scratch/bsc08/bsc08978/db/hi-c/FASTQs/Cabrera_2022_HCT116_WT_NUT_24h/Human_HCT116_WT-Nutlin24h_HiC_BR1-LRM_TR1__220110-Hi-C-HCT116-Nut-24h__1.fq.gz READ1]   Writing versions of TADbit and dependencies
[MAPPING /gpfs/scratch/bsc08/bsc08978/db/hi-c/FASTQs/Cabrera_2022_HCT116_WT_NUT_24h/Human_HCT116_WT-Nutlin24h_HiC_BR1-LRM_TR1__220110-Hi-C-HCT116-Nut-24h__1.fq.gz READ1]   Generating Hi-C QC plot
[MAPPING /gpfs/scratch/bsc08/bsc08978/db/hi-c/FASTQs/Cabrera_2022_HCT116_WT_NUT_24h/Human_HCT116_WT-Nutlin24h_HiC_BR1-LRM_TR2__220110-Hi-C-HCT116-Nut-24h__2.fq.gz READ2]   Writing versions of TADbit and dependencies
[MAPPING /gpfs/scratch/bsc08/bsc08978/db/hi-c/FASTQs/Cabrera_2022_HCT116_WT_NUT_24h/Human_HCT116_WT-Nutlin24h_HiC_BR1-LRM_TR2__220110-Hi-C-HCT116-Nut-24h__2.fq.gz READ2]   Generating Hi-C QC plot
[MAPPING /gpfs/scratch/bsc08/bsc08978/db/hi-c/FASTQs/Cabrera_2022_HCT116_WT_NUT_24h/Human_HCT116_WT-Nutlin24h_HiC_BR1-LRM_TR1__220110-Hi-C-HCT116-Nut-24h__2.fq.gz READ2]   Writing versions of TADbit and dependencies
[MAPPING /gpfs/scratch/bsc08/bsc08978/db/hi-c/FASTQs/Cabrera_2022_HCT116_WT_NUT_24h/Human_HCT116_WT-Nutlin24h_HiC_BR1-LRM_TR1__220110-Hi-C-HCT116-Nut-24h__2.fq.gz READ2]   Generating Hi-C QC plot
[MAPPING /gpfs/scratch/bsc08/bsc08978/db/hi-c/FASTQs/Cabrera_2022_HCT116_WT_NUT_24h/Human_HCT116_WT-Nutlin24h_HiC_BR1-LRM_TR2__220110-Hi-C-HCT116-Nut-24h__1.fq.gz READ1]   Writing versions of TADbit and dependencies
[MAPPING /gpfs/scratch/bsc08/bsc08978/db/hi-c/FASTQs/Cabrera_2022_HCT116_WT_NUT_24h/Human_HCT116_WT-Nutlin24h_HiC_BR1-LRM_TR2__220110-Hi-C-HCT116-Nut-24h__1.fq.gz READ1]   Generating Hi-C QC plot
[MAPPING /gpfs/scratch/bsc08/bsc08978/db/hi-c/FASTQs/Cabrera_2022_HCT116_WT_NUT_24h/Human_HCT116_WT-Nutlin24h_HiC_BR1-LRM_TR1__220110-Hi-C-HCT116-Nut-24h__1.fq.gz READ1]     - Dangling-ends (sensu-stricto): 8.173%
[MAPPING /gpfs/scratch/bsc08/bsc08978/db/hi-c/FASTQs/Cabrera_2022_HCT116_WT_NUT_24h/Human_HCT116_WT-Nutlin24h_HiC_BR1-LRM_TR1__220110-Hi-C-HCT116-Nut-24h__1.fq.gz READ1]     - Ligation sites: 41.325%
[MAPPING /gpfs/scratch/bsc08/bsc08978/db/hi-c/FASTQs/Cabrera_2022_HCT116_WT_NUT_24h/Human_HCT116_WT-Nutlin24h_HiC_BR1-LRM_TR1__220110-Hi-C-HCT116-Nut-24h__1.fq.gz READ1]   mapping /gpfs/scratch/bsc08/bsc08978/db/hi-c/FASTQs/Cabrera_2022_HCT116_WT_NUT_24h/Human_HCT116_WT-Nutlin24h_HiC_BR1-LRM_TR1__220110-Hi-C-HCT116-Nut-24h__1.fq.gz read 1 to /gpfs/scratch/bsc08/bsc08978/db/hi-c/processed/Cabrera_2022_HCT116_WT_NUT_24h
[MAPPING /gpfs/scratch/bsc08/bsc08978/db/hi-c/FASTQs/Cabrera_2022_HCT116_WT_NUT_24h/Human_HCT116_WT-Nutlin24h_HiC_BR1-LRM_TR2__220110-Hi-C-HCT116-Nut-24h__2.fq.gz READ2]     - Dangling-ends (sensu-stricto): 6.871%
[MAPPING /gpfs/scratch/bsc08/bsc08978/db/hi-c/FASTQs/Cabrera_2022_HCT116_WT_NUT_24h/Human_HCT116_WT-Nutlin24h_HiC_BR1-LRM_TR2__220110-Hi-C-HCT116-Nut-24h__2.fq.gz READ2]     - Ligation sites: 37.936%
[MAPPING /gpfs/scratch/bsc08/bsc08978/db/hi-c/FASTQs/Cabrera_2022_HCT116_WT_NUT_24h/Human_HCT116_WT-Nutlin24h_HiC_BR1-LRM_TR2__220110-Hi-C-HCT116-Nut-24h__2.fq.gz READ2]   mapping /gpfs/scratch/bsc08/bsc08978/db/hi-c/FASTQs/Cabrera_2022_HCT116_WT_NUT_24h/Human_HCT116_WT-Nutlin24h_HiC_BR1-LRM_TR2__220110-Hi-C-HCT116-Nut-24h__2.fq.gz read 2 to /gpfs/scratch/bsc08/bsc08978/db/hi-c/processed/Cabrera_2022_HCT116_WT_NUT_24h
[MAPPING /gpfs/scratch/bsc08/bsc08978/db/hi-c/FASTQs/Cabrera_2022_HCT116_WT_NUT_24h/Human_HCT116_WT-Nutlin24h_HiC_BR1-LRM_TR1__220110-Hi-C-HCT116-Nut-24h__2.fq.gz READ2]     - Dangling-ends (sensu-stricto): 7.743%
[MAPPING /gpfs/scratch/bsc08/bsc08978/db/hi-c/FASTQs/Cabrera_2022_HCT116_WT_NUT_24h/Human_HCT116_WT-Nutlin24h_HiC_BR1-LRM_TR1__220110-Hi-C-HCT116-Nut-24h__2.fq.gz READ2]     - Ligation sites: 40.293%
[MAPPING /gpfs/scratch/bsc08/bsc08978/db/hi-c/FASTQs/Cabrera_2022_HCT116_WT_NUT_24h/Human_HCT116_WT-Nutlin24h_HiC_BR1-LRM_TR1__220110-Hi-C-HCT116-Nut-24h__2.fq.gz READ2]   mapping /gpfs/scratch/bsc08/bsc08978/db/hi-c/FASTQs/Cabrera_2022_HCT116_WT_NUT_24h/Human_HCT116_WT-Nutlin24h_HiC_BR1-LRM_TR1__220110-Hi-C-HCT116-Nut-24h__2.fq.gz read 2 to /gpfs/scratch/bsc08/bsc08978/db/hi-c/processed/Cabrera_2022_HCT116_WT_NUT_24h
[MAPPING /gpfs/scratch/bsc08/bsc08978/db/hi-c/FASTQs/Cabrera_2022_HCT116_WT_NUT_24h/Human_HCT116_WT-Nutlin24h_HiC_BR1-LRM_TR2__220110-Hi-C-HCT116-Nut-24h__1.fq.gz READ1]     - Dangling-ends (sensu-stricto): 7.973%
[MAPPING /gpfs/scratch/bsc08/bsc08978/db/hi-c/FASTQs/Cabrera_2022_HCT116_WT_NUT_24h/Human_HCT116_WT-Nutlin24h_HiC_BR1-LRM_TR2__220110-Hi-C-HCT116-Nut-24h__1.fq.gz READ1]     - Ligation sites: 38.510%
[MAPPING /gpfs/scratch/bsc08/bsc08978/db/hi-c/FASTQs/Cabrera_2022_HCT116_WT_NUT_24h/Human_HCT116_WT-Nutlin24h_HiC_BR1-LRM_TR2__220110-Hi-C-HCT116-Nut-24h__1.fq.gz READ1]   mapping /gpfs/scratch/bsc08/bsc08978/db/hi-c/FASTQs/Cabrera_2022_HCT116_WT_NUT_24h/Human_HCT116_WT-Nutlin24h_HiC_BR1-LRM_TR2__220110-Hi-C-HCT116-Nut-24h__1.fq.gz read 1 to /gpfs/scratch/bsc08/bsc08978/db/hi-c/processed/Cabrera_2022_HCT116_WT_NUT_24h
[MAPPING /gpfs/scratch/bsc08/bsc08978/db/hi-c/FASTQs/Cabrera_2022_HCT116_WT_NUT_24h/Human_HCT116_WT-Nutlin24h_HiC_BR1-LRM_TR2__220110-Hi-C-HCT116-Nut-24h__2.fq.gz READ2]   cleaning temporary files
[MAPPING /gpfs/scratch/bsc08/bsc08978/db/hi-c/FASTQs/Cabrera_2022_HCT116_WT_NUT_24h/Human_HCT116_WT-Nutlin24h_HiC_BR1-LRM_TR2__220110-Hi-C-HCT116-Nut-24h__1.fq.gz READ1]   cleaning temporary files
[MAPPING /gpfs/scratch/bsc08/bsc08978/db/hi-c/FASTQs/Cabrera_2022_HCT116_WT_NUT_24h/Human_HCT116_WT-Nutlin24h_HiC_BR1-LRM_TR1__220110-Hi-C-HCT116-Nut-24h__1.fq.gz READ1]   cleaning temporary files
[MAPPING /gpfs/scratch/bsc08/bsc08978/db/hi-c/FASTQs/Cabrera_2022_HCT116_WT_NUT_24h/Human_HCT116_WT-Nutlin24h_HiC_BR1-LRM_TR1__220110-Hi-C-HCT116-Nut-24h__2.fq.gz READ2]   cleaning temporary files
[PARSING]   Writing versions of TADbit and dependencies
[PARSING]   parsing genomic sequence
[PARSING]   parsing reads in Cabrera_2022_HCT116_WT_NUT_24h project
