[MAPPING /gpfs/scratch/bsc08/bsc08978/db/hi-c/FASTQs/Cabrera_2022_HCT116_WT_NUT_7h/Human_HCT116_WT-Nutlin7h_HiC_BR1-LRM_TR1__220109-Hi-C-HCT116-Nut-7h__2.fq.gz READ2]   Writing versions of TADbit and dependencies
[MAPPING /gpfs/scratch/bsc08/bsc08978/db/hi-c/FASTQs/Cabrera_2022_HCT116_WT_NUT_7h/Human_HCT116_WT-Nutlin7h_HiC_BR1-LRM_TR1__220109-Hi-C-HCT116-Nut-7h__2.fq.gz READ2]   Generating Hi-C QC plot
[MAPPING /gpfs/scratch/bsc08/bsc08978/db/hi-c/FASTQs/Cabrera_2022_HCT116_WT_NUT_7h/Human_HCT116_WT-Nutlin7h_HiC_BR1-LRM_TR1__220109-Hi-C-HCT116-Nut-7h__2.fq.gz READ2]     - Dangling-ends (sensu-stricto): 6.299%
[MAPPING /gpfs/scratch/bsc08/bsc08978/db/hi-c/FASTQs/Cabrera_2022_HCT116_WT_NUT_7h/Human_HCT116_WT-Nutlin7h_HiC_BR1-LRM_TR1__220109-Hi-C-HCT116-Nut-7h__2.fq.gz READ2]     - Ligation sites: 42.117%
[MAPPING /gpfs/scratch/bsc08/bsc08978/db/hi-c/FASTQs/Cabrera_2022_HCT116_WT_NUT_7h/Human_HCT116_WT-Nutlin7h_HiC_BR1-LRM_TR1__220109-Hi-C-HCT116-Nut-7h__2.fq.gz READ2]   mapping /gpfs/scratch/bsc08/bsc08978/db/hi-c/FASTQs/Cabrera_2022_HCT116_WT_NUT_7h/Human_HCT116_WT-Nutlin7h_HiC_BR1-LRM_TR1__220109-Hi-C-HCT116-Nut-7h__2.fq.gz read 2 to /gpfs/scratch/bsc08/bsc08978/db/hi-c/processed/Cabrera_2022_HCT116_WT_NUT_7h
[MAPPING /gpfs/scratch/bsc08/bsc08978/db/hi-c/FASTQs/Cabrera_2022_HCT116_WT_NUT_7h/Human_HCT116_WT-Nutlin7h_HiC_BR1-LRM_TR1__220109-Hi-C-HCT116-Nut-7h__1.fq.gz READ1]   Writing versions of TADbit and dependencies
[MAPPING /gpfs/scratch/bsc08/bsc08978/db/hi-c/FASTQs/Cabrera_2022_HCT116_WT_NUT_7h/Human_HCT116_WT-Nutlin7h_HiC_BR1-LRM_TR1__220109-Hi-C-HCT116-Nut-7h__1.fq.gz READ1]   Generating Hi-C QC plot
[MAPPING /gpfs/scratch/bsc08/bsc08978/db/hi-c/FASTQs/Cabrera_2022_HCT116_WT_NUT_7h/Human_HCT116_WT-Nutlin7h_HiC_BR1-LRM_TR1__220109-Hi-C-HCT116-Nut-7h__1.fq.gz READ1]     - Dangling-ends (sensu-stricto): 6.464%
[MAPPING /gpfs/scratch/bsc08/bsc08978/db/hi-c/FASTQs/Cabrera_2022_HCT116_WT_NUT_7h/Human_HCT116_WT-Nutlin7h_HiC_BR1-LRM_TR1__220109-Hi-C-HCT116-Nut-7h__1.fq.gz READ1]     - Ligation sites: 42.663%
[MAPPING /gpfs/scratch/bsc08/bsc08978/db/hi-c/FASTQs/Cabrera_2022_HCT116_WT_NUT_7h/Human_HCT116_WT-Nutlin7h_HiC_BR1-LRM_TR1__220109-Hi-C-HCT116-Nut-7h__1.fq.gz READ1]   mapping /gpfs/scratch/bsc08/bsc08978/db/hi-c/FASTQs/Cabrera_2022_HCT116_WT_NUT_7h/Human_HCT116_WT-Nutlin7h_HiC_BR1-LRM_TR1__220109-Hi-C-HCT116-Nut-7h__1.fq.gz read 1 to /gpfs/scratch/bsc08/bsc08978/db/hi-c/processed/Cabrera_2022_HCT116_WT_NUT_7h
[MAPPING /gpfs/scratch/bsc08/bsc08978/db/hi-c/FASTQs/Cabrera_2022_HCT116_WT_NUT_7h/Human_HCT116_WT-Nutlin7h_HiC_BR1-LRM_TR2__220109-Hi-C-HCT116-Nut-7h__2.fq.gz READ2]   Writing versions of TADbit and dependencies
[MAPPING /gpfs/scratch/bsc08/bsc08978/db/hi-c/FASTQs/Cabrera_2022_HCT116_WT_NUT_7h/Human_HCT116_WT-Nutlin7h_HiC_BR1-LRM_TR2__220109-Hi-C-HCT116-Nut-7h__2.fq.gz READ2]   Generating Hi-C QC plot
[MAPPING /gpfs/scratch/bsc08/bsc08978/db/hi-c/FASTQs/Cabrera_2022_HCT116_WT_NUT_7h/Human_HCT116_WT-Nutlin7h_HiC_BR1-LRM_TR2__220109-Hi-C-HCT116-Nut-7h__2.fq.gz READ2]     - Dangling-ends (sensu-stricto): 5.599%
[MAPPING /gpfs/scratch/bsc08/bsc08978/db/hi-c/FASTQs/Cabrera_2022_HCT116_WT_NUT_7h/Human_HCT116_WT-Nutlin7h_HiC_BR1-LRM_TR2__220109-Hi-C-HCT116-Nut-7h__2.fq.gz READ2]     - Ligation sites: 39.765%
[MAPPING /gpfs/scratch/bsc08/bsc08978/db/hi-c/FASTQs/Cabrera_2022_HCT116_WT_NUT_7h/Human_HCT116_WT-Nutlin7h_HiC_BR1-LRM_TR2__220109-Hi-C-HCT116-Nut-7h__2.fq.gz READ2]   mapping /gpfs/scratch/bsc08/bsc08978/db/hi-c/FASTQs/Cabrera_2022_HCT116_WT_NUT_7h/Human_HCT116_WT-Nutlin7h_HiC_BR1-LRM_TR2__220109-Hi-C-HCT116-Nut-7h__2.fq.gz read 2 to /gpfs/scratch/bsc08/bsc08978/db/hi-c/processed/Cabrera_2022_HCT116_WT_NUT_7h
[MAPPING /gpfs/scratch/bsc08/bsc08978/db/hi-c/FASTQs/Cabrera_2022_HCT116_WT_NUT_7h/Human_HCT116_WT-Nutlin7h_HiC_BR1-LRM_TR2__220109-Hi-C-HCT116-Nut-7h__1.fq.gz READ1]   Writing versions of TADbit and dependencies
[MAPPING /gpfs/scratch/bsc08/bsc08978/db/hi-c/FASTQs/Cabrera_2022_HCT116_WT_NUT_7h/Human_HCT116_WT-Nutlin7h_HiC_BR1-LRM_TR2__220109-Hi-C-HCT116-Nut-7h__1.fq.gz READ1]   Generating Hi-C QC plot
[MAPPING /gpfs/scratch/bsc08/bsc08978/db/hi-c/FASTQs/Cabrera_2022_HCT116_WT_NUT_7h/Human_HCT116_WT-Nutlin7h_HiC_BR1-LRM_TR2__220109-Hi-C-HCT116-Nut-7h__1.fq.gz READ1]     - Dangling-ends (sensu-stricto): 6.488%
[MAPPING /gpfs/scratch/bsc08/bsc08978/db/hi-c/FASTQs/Cabrera_2022_HCT116_WT_NUT_7h/Human_HCT116_WT-Nutlin7h_HiC_BR1-LRM_TR2__220109-Hi-C-HCT116-Nut-7h__1.fq.gz READ1]     - Ligation sites: 39.886%
[MAPPING /gpfs/scratch/bsc08/bsc08978/db/hi-c/FASTQs/Cabrera_2022_HCT116_WT_NUT_7h/Human_HCT116_WT-Nutlin7h_HiC_BR1-LRM_TR2__220109-Hi-C-HCT116-Nut-7h__1.fq.gz READ1]   mapping /gpfs/scratch/bsc08/bsc08978/db/hi-c/FASTQs/Cabrera_2022_HCT116_WT_NUT_7h/Human_HCT116_WT-Nutlin7h_HiC_BR1-LRM_TR2__220109-Hi-C-HCT116-Nut-7h__1.fq.gz read 1 to /gpfs/scratch/bsc08/bsc08978/db/hi-c/processed/Cabrera_2022_HCT116_WT_NUT_7h
[MAPPING /gpfs/scratch/bsc08/bsc08978/db/hi-c/FASTQs/Cabrera_2022_HCT116_WT_NUT_7h/Human_HCT116_WT-Nutlin7h_HiC_BR1-LRM_TR2__220109-Hi-C-HCT116-Nut-7h__2.fq.gz READ2]   cleaning temporary files
[MAPPING /gpfs/scratch/bsc08/bsc08978/db/hi-c/FASTQs/Cabrera_2022_HCT116_WT_NUT_7h/Human_HCT116_WT-Nutlin7h_HiC_BR1-LRM_TR2__220109-Hi-C-HCT116-Nut-7h__1.fq.gz READ1]   cleaning temporary files
[MAPPING /gpfs/scratch/bsc08/bsc08978/db/hi-c/FASTQs/Cabrera_2022_HCT116_WT_NUT_7h/Human_HCT116_WT-Nutlin7h_HiC_BR1-LRM_TR1__220109-Hi-C-HCT116-Nut-7h__2.fq.gz READ2]   cleaning temporary files
[MAPPING /gpfs/scratch/bsc08/bsc08978/db/hi-c/FASTQs/Cabrera_2022_HCT116_WT_NUT_7h/Human_HCT116_WT-Nutlin7h_HiC_BR1-LRM_TR1__220109-Hi-C-HCT116-Nut-7h__1.fq.gz READ1]   cleaning temporary files
[PARSING]   Writing versions of TADbit and dependencies
[PARSING]   parsing genomic sequence
[PARSING]   parsing reads in Cabrera_2022_HCT116_WT_NUT_7h project
