[MAPPING /gpfs/scratch/bsc08/bsc08978/db/hi-c/FASTQs/Cabrera_2022_HCT116_KO_NUT/HCT116_KO_NUT_BR1_TR1_1.fastq.gz READ1]   Writing versions of TADbit and dependencies
[MAPPING /gpfs/scratch/bsc08/bsc08978/db/hi-c/FASTQs/Cabrera_2022_HCT116_KO_NUT/HCT116_KO_NUT_BR1_TR1_1.fastq.gz READ1]   Generating Hi-C QC plot
[MAPPING /gpfs/scratch/bsc08/bsc08978/db/hi-c/FASTQs/Cabrera_2022_HCT116_KO_NUT/HCT116_KO_NUT_BR1_TR3_1.fastq.gz READ1]   Writing versions of TADbit and dependencies
[MAPPING /gpfs/scratch/bsc08/bsc08978/db/hi-c/FASTQs/Cabrera_2022_HCT116_KO_NUT/HCT116_KO_NUT_BR1_TR3_1.fastq.gz READ1]   Generating Hi-C QC plot
[MAPPING /gpfs/scratch/bsc08/bsc08978/db/hi-c/FASTQs/Cabrera_2022_HCT116_KO_NUT/HCT116_KO_NUT_BR2_TR3_2.fastq.gz READ2]   Writing versions of TADbit and dependencies
[MAPPING /gpfs/scratch/bsc08/bsc08978/db/hi-c/FASTQs/Cabrera_2022_HCT116_KO_NUT/HCT116_KO_NUT_BR2_TR2_1.fastq.gz READ1]   Writing versions of TADbit and dependencies
[MAPPING /gpfs/scratch/bsc08/bsc08978/db/hi-c/FASTQs/Cabrera_2022_HCT116_KO_NUT/HCT116_KO_NUT_BR1_TR2_1.fastq.gz READ1]   Writing versions of TADbit and dependencies
[MAPPING /gpfs/scratch/bsc08/bsc08978/db/hi-c/FASTQs/Cabrera_2022_HCT116_KO_NUT/HCT116_KO_NUT_BR1_TR2_1.fastq.gz READ1]   Generating Hi-C QC plot
[MAPPING /gpfs/scratch/bsc08/bsc08978/db/hi-c/FASTQs/Cabrera_2022_HCT116_KO_NUT/HCT116_KO_NUT_BR2_TR2_1.fastq.gz READ1]   Generating Hi-C QC plot
[MAPPING /gpfs/scratch/bsc08/bsc08978/db/hi-c/FASTQs/Cabrera_2022_HCT116_KO_NUT/HCT116_KO_NUT_BR2_TR3_2.fastq.gz READ2]   Generating Hi-C QC plot
[MAPPING /gpfs/scratch/bsc08/bsc08978/db/hi-c/FASTQs/Cabrera_2022_HCT116_KO_NUT/HCT116_KO_NUT_BR2_TR1_2.fastq.gz READ2]   Writing versions of TADbit and dependencies
[MAPPING /gpfs/scratch/bsc08/bsc08978/db/hi-c/FASTQs/Cabrera_2022_HCT116_KO_NUT/HCT116_KO_NUT_BR2_TR1_2.fastq.gz READ2]   Generating Hi-C QC plot
[MAPPING /gpfs/scratch/bsc08/bsc08978/db/hi-c/FASTQs/Cabrera_2022_HCT116_KO_NUT/HCT116_KO_NUT_BR2_TR1_1.fastq.gz READ1]   Writing versions of TADbit and dependencies
[MAPPING /gpfs/scratch/bsc08/bsc08978/db/hi-c/FASTQs/Cabrera_2022_HCT116_KO_NUT/HCT116_KO_NUT_BR2_TR1_1.fastq.gz READ1]   Generating Hi-C QC plot
[MAPPING /gpfs/scratch/bsc08/bsc08978/db/hi-c/FASTQs/Cabrera_2022_HCT116_KO_NUT/HCT116_KO_NUT_BR1_TR3_2.fastq.gz READ2]   Writing versions of TADbit and dependencies
[MAPPING /gpfs/scratch/bsc08/bsc08978/db/hi-c/FASTQs/Cabrera_2022_HCT116_KO_NUT/HCT116_KO_NUT_BR1_TR3_2.fastq.gz READ2]   Generating Hi-C QC plot
[MAPPING /gpfs/scratch/bsc08/bsc08978/db/hi-c/FASTQs/Cabrera_2022_HCT116_KO_NUT/HCT116_KO_NUT_BR1_TR1_2.fastq.gz READ2]   Writing versions of TADbit and dependencies
[MAPPING /gpfs/scratch/bsc08/bsc08978/db/hi-c/FASTQs/Cabrera_2022_HCT116_KO_NUT/HCT116_KO_NUT_BR1_TR1_2.fastq.gz READ2]   Generating Hi-C QC plot
[MAPPING /gpfs/scratch/bsc08/bsc08978/db/hi-c/FASTQs/Cabrera_2022_HCT116_KO_NUT/HCT116_KO_NUT_BR1_TR2_2.fastq.gz READ2]   Writing versions of TADbit and dependencies
[MAPPING /gpfs/scratch/bsc08/bsc08978/db/hi-c/FASTQs/Cabrera_2022_HCT116_KO_NUT/HCT116_KO_NUT_BR1_TR2_2.fastq.gz READ2]   Generating Hi-C QC plot
[MAPPING /gpfs/scratch/bsc08/bsc08978/db/hi-c/FASTQs/Cabrera_2022_HCT116_KO_NUT/HCT116_KO_NUT_BR1_TR4_2.fastq.gz READ2]   Writing versions of TADbit and dependencies
[MAPPING /gpfs/scratch/bsc08/bsc08978/db/hi-c/FASTQs/Cabrera_2022_HCT116_KO_NUT/HCT116_KO_NUT_BR2_TR3_1.fastq.gz READ1]   Writing versions of TADbit and dependencies
[MAPPING /gpfs/scratch/bsc08/bsc08978/db/hi-c/FASTQs/Cabrera_2022_HCT116_KO_NUT/HCT116_KO_NUT_BR1_TR4_2.fastq.gz READ2]   Generating Hi-C QC plot
[MAPPING /gpfs/scratch/bsc08/bsc08978/db/hi-c/FASTQs/Cabrera_2022_HCT116_KO_NUT/HCT116_KO_NUT_BR2_TR3_1.fastq.gz READ1]   Generating Hi-C QC plot
[MAPPING /gpfs/scratch/bsc08/bsc08978/db/hi-c/FASTQs/Cabrera_2022_HCT116_KO_NUT/HCT116_KO_NUT_BR2_TR2_2.fastq.gz READ2]   Writing versions of TADbit and dependencies
[MAPPING /gpfs/scratch/bsc08/bsc08978/db/hi-c/FASTQs/Cabrera_2022_HCT116_KO_NUT/HCT116_KO_NUT_BR2_TR2_2.fastq.gz READ2]   Generating Hi-C QC plot
[MAPPING /gpfs/scratch/bsc08/bsc08978/db/hi-c/FASTQs/Cabrera_2022_HCT116_KO_NUT/HCT116_KO_NUT_BR1_TR4_1.fastq.gz READ1]   Writing versions of TADbit and dependencies
[MAPPING /gpfs/scratch/bsc08/bsc08978/db/hi-c/FASTQs/Cabrera_2022_HCT116_KO_NUT/HCT116_KO_NUT_BR1_TR4_1.fastq.gz READ1]   Generating Hi-C QC plot
[MAPPING /gpfs/scratch/bsc08/bsc08978/db/hi-c/FASTQs/Cabrera_2022_HCT116_KO_NUT/HCT116_KO_NUT_BR2_TR4_1.fastq.gz READ1]   Writing versions of TADbit and dependencies
[MAPPING /gpfs/scratch/bsc08/bsc08978/db/hi-c/FASTQs/Cabrera_2022_HCT116_KO_NUT/HCT116_KO_NUT_BR2_TR4_1.fastq.gz READ1]   Generating Hi-C QC plot
[MAPPING /gpfs/scratch/bsc08/bsc08978/db/hi-c/FASTQs/Cabrera_2022_HCT116_KO_NUT/HCT116_KO_NUT_BR2_TR4_2.fastq.gz READ2]   Writing versions of TADbit and dependencies
[MAPPING /gpfs/scratch/bsc08/bsc08978/db/hi-c/FASTQs/Cabrera_2022_HCT116_KO_NUT/HCT116_KO_NUT_BR2_TR4_2.fastq.gz READ2]   Generating Hi-C QC plot
[MAPPING /gpfs/scratch/bsc08/bsc08978/db/hi-c/FASTQs/Cabrera_2022_HCT116_KO_NUT/HCT116_KO_NUT_BR1_TR1_1.fastq.gz READ1]     - Dangling-ends (sensu-stricto): 17.129%
[MAPPING /gpfs/scratch/bsc08/bsc08978/db/hi-c/FASTQs/Cabrera_2022_HCT116_KO_NUT/HCT116_KO_NUT_BR1_TR1_1.fastq.gz READ1]     - Ligation sites: 19.822%
[MAPPING /gpfs/scratch/bsc08/bsc08978/db/hi-c/FASTQs/Cabrera_2022_HCT116_KO_NUT/HCT116_KO_NUT_BR1_TR1_1.fastq.gz READ1]   mapping /gpfs/scratch/bsc08/bsc08978/db/hi-c/FASTQs/Cabrera_2022_HCT116_KO_NUT/HCT116_KO_NUT_BR1_TR1_1.fastq.gz read 1 to /gpfs/scratch/bsc08/bsc08978/db/hi-c/processed/Cabrera_2022_HCT116_KO_NUT
[MAPPING /gpfs/scratch/bsc08/bsc08978/db/hi-c/FASTQs/Cabrera_2022_HCT116_KO_NUT/HCT116_KO_NUT_BR2_TR3_2.fastq.gz READ2]     - Dangling-ends (sensu-stricto): 18.945%
[MAPPING /gpfs/scratch/bsc08/bsc08978/db/hi-c/FASTQs/Cabrera_2022_HCT116_KO_NUT/HCT116_KO_NUT_BR2_TR3_2.fastq.gz READ2]     - Ligation sites: 18.300%
[MAPPING /gpfs/scratch/bsc08/bsc08978/db/hi-c/FASTQs/Cabrera_2022_HCT116_KO_NUT/HCT116_KO_NUT_BR2_TR3_2.fastq.gz READ2]   mapping /gpfs/scratch/bsc08/bsc08978/db/hi-c/FASTQs/Cabrera_2022_HCT116_KO_NUT/HCT116_KO_NUT_BR2_TR3_2.fastq.gz read 2 to /gpfs/scratch/bsc08/bsc08978/db/hi-c/processed/Cabrera_2022_HCT116_KO_NUT
[MAPPING /gpfs/scratch/bsc08/bsc08978/db/hi-c/FASTQs/Cabrera_2022_HCT116_KO_NUT/HCT116_KO_NUT_BR1_TR2_1.fastq.gz READ1]     - Dangling-ends (sensu-stricto): 17.330%
[MAPPING /gpfs/scratch/bsc08/bsc08978/db/hi-c/FASTQs/Cabrera_2022_HCT116_KO_NUT/HCT116_KO_NUT_BR1_TR2_1.fastq.gz READ1]     - Ligation sites: 20.065%
[MAPPING /gpfs/scratch/bsc08/bsc08978/db/hi-c/FASTQs/Cabrera_2022_HCT116_KO_NUT/HCT116_KO_NUT_BR1_TR2_1.fastq.gz READ1]   mapping /gpfs/scratch/bsc08/bsc08978/db/hi-c/FASTQs/Cabrera_2022_HCT116_KO_NUT/HCT116_KO_NUT_BR1_TR2_1.fastq.gz read 1 to /gpfs/scratch/bsc08/bsc08978/db/hi-c/processed/Cabrera_2022_HCT116_KO_NUT
[MAPPING /gpfs/scratch/bsc08/bsc08978/db/hi-c/FASTQs/Cabrera_2022_HCT116_KO_NUT/HCT116_KO_NUT_BR2_TR3_1.fastq.gz READ1]     - Dangling-ends (sensu-stricto): 19.934%
[MAPPING /gpfs/scratch/bsc08/bsc08978/db/hi-c/FASTQs/Cabrera_2022_HCT116_KO_NUT/HCT116_KO_NUT_BR2_TR3_1.fastq.gz READ1]     - Ligation sites: 19.195%
[MAPPING /gpfs/scratch/bsc08/bsc08978/db/hi-c/FASTQs/Cabrera_2022_HCT116_KO_NUT/HCT116_KO_NUT_BR2_TR3_1.fastq.gz READ1]   mapping /gpfs/scratch/bsc08/bsc08978/db/hi-c/FASTQs/Cabrera_2022_HCT116_KO_NUT/HCT116_KO_NUT_BR2_TR3_1.fastq.gz read 1 to /gpfs/scratch/bsc08/bsc08978/db/hi-c/processed/Cabrera_2022_HCT116_KO_NUT
[MAPPING /gpfs/scratch/bsc08/bsc08978/db/hi-c/FASTQs/Cabrera_2022_HCT116_KO_NUT/HCT116_KO_NUT_BR1_TR3_1.fastq.gz READ1]     - Dangling-ends (sensu-stricto): 16.964%
[MAPPING /gpfs/scratch/bsc08/bsc08978/db/hi-c/FASTQs/Cabrera_2022_HCT116_KO_NUT/HCT116_KO_NUT_BR2_TR1_2.fastq.gz READ2]     - Dangling-ends (sensu-stricto): 19.712%
[MAPPING /gpfs/scratch/bsc08/bsc08978/db/hi-c/FASTQs/Cabrera_2022_HCT116_KO_NUT/HCT116_KO_NUT_BR2_TR2_1.fastq.gz READ1]     - Dangling-ends (sensu-stricto): 20.138%
[MAPPING /gpfs/scratch/bsc08/bsc08978/db/hi-c/FASTQs/Cabrera_2022_HCT116_KO_NUT/HCT116_KO_NUT_BR1_TR3_1.fastq.gz READ1]     - Ligation sites: 19.937%
[MAPPING /gpfs/scratch/bsc08/bsc08978/db/hi-c/FASTQs/Cabrera_2022_HCT116_KO_NUT/HCT116_KO_NUT_BR2_TR1_1.fastq.gz READ1]     - Dangling-ends (sensu-stricto): 20.397%
[MAPPING /gpfs/scratch/bsc08/bsc08978/db/hi-c/FASTQs/Cabrera_2022_HCT116_KO_NUT/HCT116_KO_NUT_BR2_TR2_1.fastq.gz READ1]     - Ligation sites: 19.108%
[MAPPING /gpfs/scratch/bsc08/bsc08978/db/hi-c/FASTQs/Cabrera_2022_HCT116_KO_NUT/HCT116_KO_NUT_BR1_TR3_2.fastq.gz READ2]     - Dangling-ends (sensu-stricto): 18.186%
[MAPPING /gpfs/scratch/bsc08/bsc08978/db/hi-c/FASTQs/Cabrera_2022_HCT116_KO_NUT/HCT116_KO_NUT_BR2_TR1_2.fastq.gz READ2]     - Ligation sites: 18.411%
[MAPPING /gpfs/scratch/bsc08/bsc08978/db/hi-c/FASTQs/Cabrera_2022_HCT116_KO_NUT/HCT116_KO_NUT_BR2_TR2_1.fastq.gz READ1]   mapping /gpfs/scratch/bsc08/bsc08978/db/hi-c/FASTQs/Cabrera_2022_HCT116_KO_NUT/HCT116_KO_NUT_BR2_TR2_1.fastq.gz read 1 to /gpfs/scratch/bsc08/bsc08978/db/hi-c/processed/Cabrera_2022_HCT116_KO_NUT
[MAPPING /gpfs/scratch/bsc08/bsc08978/db/hi-c/FASTQs/Cabrera_2022_HCT116_KO_NUT/HCT116_KO_NUT_BR2_TR1_2.fastq.gz READ2]   mapping /gpfs/scratch/bsc08/bsc08978/db/hi-c/FASTQs/Cabrera_2022_HCT116_KO_NUT/HCT116_KO_NUT_BR2_TR1_2.fastq.gz read 2 to /gpfs/scratch/bsc08/bsc08978/db/hi-c/processed/Cabrera_2022_HCT116_KO_NUT
[MAPPING /gpfs/scratch/bsc08/bsc08978/db/hi-c/FASTQs/Cabrera_2022_HCT116_KO_NUT/HCT116_KO_NUT_BR1_TR3_2.fastq.gz READ2]     - Ligation sites: 19.320%
[MAPPING /gpfs/scratch/bsc08/bsc08978/db/hi-c/FASTQs/Cabrera_2022_HCT116_KO_NUT/HCT116_KO_NUT_BR2_TR1_1.fastq.gz READ1]     - Ligation sites: 18.833%
[MAPPING /gpfs/scratch/bsc08/bsc08978/db/hi-c/FASTQs/Cabrera_2022_HCT116_KO_NUT/HCT116_KO_NUT_BR1_TR3_2.fastq.gz READ2]   mapping /gpfs/scratch/bsc08/bsc08978/db/hi-c/FASTQs/Cabrera_2022_HCT116_KO_NUT/HCT116_KO_NUT_BR1_TR3_2.fastq.gz read 2 to /gpfs/scratch/bsc08/bsc08978/db/hi-c/processed/Cabrera_2022_HCT116_KO_NUT
[MAPPING /gpfs/scratch/bsc08/bsc08978/db/hi-c/FASTQs/Cabrera_2022_HCT116_KO_NUT/HCT116_KO_NUT_BR1_TR3_1.fastq.gz READ1]   mapping /gpfs/scratch/bsc08/bsc08978/db/hi-c/FASTQs/Cabrera_2022_HCT116_KO_NUT/HCT116_KO_NUT_BR1_TR3_1.fastq.gz read 1 to /gpfs/scratch/bsc08/bsc08978/db/hi-c/processed/Cabrera_2022_HCT116_KO_NUT
[MAPPING /gpfs/scratch/bsc08/bsc08978/db/hi-c/FASTQs/Cabrera_2022_HCT116_KO_NUT/HCT116_KO_NUT_BR2_TR1_1.fastq.gz READ1]   mapping /gpfs/scratch/bsc08/bsc08978/db/hi-c/FASTQs/Cabrera_2022_HCT116_KO_NUT/HCT116_KO_NUT_BR2_TR1_1.fastq.gz read 1 to /gpfs/scratch/bsc08/bsc08978/db/hi-c/processed/Cabrera_2022_HCT116_KO_NUT
[MAPPING /gpfs/scratch/bsc08/bsc08978/db/hi-c/FASTQs/Cabrera_2022_HCT116_KO_NUT/HCT116_KO_NUT_BR1_TR4_2.fastq.gz READ2]     - Dangling-ends (sensu-stricto): 18.237%
[MAPPING /gpfs/scratch/bsc08/bsc08978/db/hi-c/FASTQs/Cabrera_2022_HCT116_KO_NUT/HCT116_KO_NUT_BR1_TR4_2.fastq.gz READ2]     - Ligation sites: 18.823%
[MAPPING /gpfs/scratch/bsc08/bsc08978/db/hi-c/FASTQs/Cabrera_2022_HCT116_KO_NUT/HCT116_KO_NUT_BR1_TR4_2.fastq.gz READ2]   mapping /gpfs/scratch/bsc08/bsc08978/db/hi-c/FASTQs/Cabrera_2022_HCT116_KO_NUT/HCT116_KO_NUT_BR1_TR4_2.fastq.gz read 2 to /gpfs/scratch/bsc08/bsc08978/db/hi-c/processed/Cabrera_2022_HCT116_KO_NUT
[MAPPING /gpfs/scratch/bsc08/bsc08978/db/hi-c/FASTQs/Cabrera_2022_HCT116_KO_NUT/HCT116_KO_NUT_BR2_TR2_2.fastq.gz READ2]     - Dangling-ends (sensu-stricto): 19.328%
[MAPPING /gpfs/scratch/bsc08/bsc08978/db/hi-c/FASTQs/Cabrera_2022_HCT116_KO_NUT/HCT116_KO_NUT_BR2_TR2_2.fastq.gz READ2]     - Ligation sites: 18.038%
[MAPPING /gpfs/scratch/bsc08/bsc08978/db/hi-c/FASTQs/Cabrera_2022_HCT116_KO_NUT/HCT116_KO_NUT_BR2_TR2_2.fastq.gz READ2]   mapping /gpfs/scratch/bsc08/bsc08978/db/hi-c/FASTQs/Cabrera_2022_HCT116_KO_NUT/HCT116_KO_NUT_BR2_TR2_2.fastq.gz read 2 to /gpfs/scratch/bsc08/bsc08978/db/hi-c/processed/Cabrera_2022_HCT116_KO_NUT
[MAPPING /gpfs/scratch/bsc08/bsc08978/db/hi-c/FASTQs/Cabrera_2022_HCT116_KO_NUT/HCT116_KO_NUT_BR1_TR1_2.fastq.gz READ2]     - Dangling-ends (sensu-stricto): 18.420%
[MAPPING /gpfs/scratch/bsc08/bsc08978/db/hi-c/FASTQs/Cabrera_2022_HCT116_KO_NUT/HCT116_KO_NUT_BR1_TR2_2.fastq.gz READ2]     - Dangling-ends (sensu-stricto): 18.095%
[MAPPING /gpfs/scratch/bsc08/bsc08978/db/hi-c/FASTQs/Cabrera_2022_HCT116_KO_NUT/HCT116_KO_NUT_BR1_TR1_2.fastq.gz READ2]     - Ligation sites: 19.207%
[MAPPING /gpfs/scratch/bsc08/bsc08978/db/hi-c/FASTQs/Cabrera_2022_HCT116_KO_NUT/HCT116_KO_NUT_BR1_TR2_2.fastq.gz READ2]     - Ligation sites: 19.012%
[MAPPING /gpfs/scratch/bsc08/bsc08978/db/hi-c/FASTQs/Cabrera_2022_HCT116_KO_NUT/HCT116_KO_NUT_BR1_TR1_2.fastq.gz READ2]   mapping /gpfs/scratch/bsc08/bsc08978/db/hi-c/FASTQs/Cabrera_2022_HCT116_KO_NUT/HCT116_KO_NUT_BR1_TR1_2.fastq.gz read 2 to /gpfs/scratch/bsc08/bsc08978/db/hi-c/processed/Cabrera_2022_HCT116_KO_NUT
[MAPPING /gpfs/scratch/bsc08/bsc08978/db/hi-c/FASTQs/Cabrera_2022_HCT116_KO_NUT/HCT116_KO_NUT_BR1_TR2_2.fastq.gz READ2]   mapping /gpfs/scratch/bsc08/bsc08978/db/hi-c/FASTQs/Cabrera_2022_HCT116_KO_NUT/HCT116_KO_NUT_BR1_TR2_2.fastq.gz read 2 to /gpfs/scratch/bsc08/bsc08978/db/hi-c/processed/Cabrera_2022_HCT116_KO_NUT
[MAPPING /gpfs/scratch/bsc08/bsc08978/db/hi-c/FASTQs/Cabrera_2022_HCT116_KO_NUT/HCT116_KO_NUT_BR2_TR4_1.fastq.gz READ1]     - Dangling-ends (sensu-stricto): 20.057%
[MAPPING /gpfs/scratch/bsc08/bsc08978/db/hi-c/FASTQs/Cabrera_2022_HCT116_KO_NUT/HCT116_KO_NUT_BR2_TR4_1.fastq.gz READ1]     - Ligation sites: 19.188%
[MAPPING /gpfs/scratch/bsc08/bsc08978/db/hi-c/FASTQs/Cabrera_2022_HCT116_KO_NUT/HCT116_KO_NUT_BR2_TR4_1.fastq.gz READ1]   mapping /gpfs/scratch/bsc08/bsc08978/db/hi-c/FASTQs/Cabrera_2022_HCT116_KO_NUT/HCT116_KO_NUT_BR2_TR4_1.fastq.gz read 1 to /gpfs/scratch/bsc08/bsc08978/db/hi-c/processed/Cabrera_2022_HCT116_KO_NUT
[MAPPING /gpfs/scratch/bsc08/bsc08978/db/hi-c/FASTQs/Cabrera_2022_HCT116_KO_NUT/HCT116_KO_NUT_BR1_TR4_1.fastq.gz READ1]     - Dangling-ends (sensu-stricto): 17.472%
[MAPPING /gpfs/scratch/bsc08/bsc08978/db/hi-c/FASTQs/Cabrera_2022_HCT116_KO_NUT/HCT116_KO_NUT_BR1_TR4_1.fastq.gz READ1]     - Ligation sites: 19.878%
[MAPPING /gpfs/scratch/bsc08/bsc08978/db/hi-c/FASTQs/Cabrera_2022_HCT116_KO_NUT/HCT116_KO_NUT_BR1_TR4_1.fastq.gz READ1]   mapping /gpfs/scratch/bsc08/bsc08978/db/hi-c/FASTQs/Cabrera_2022_HCT116_KO_NUT/HCT116_KO_NUT_BR1_TR4_1.fastq.gz read 1 to /gpfs/scratch/bsc08/bsc08978/db/hi-c/processed/Cabrera_2022_HCT116_KO_NUT
[MAPPING /gpfs/scratch/bsc08/bsc08978/db/hi-c/FASTQs/Cabrera_2022_HCT116_KO_NUT/HCT116_KO_NUT_BR2_TR4_2.fastq.gz READ2]     - Dangling-ends (sensu-stricto): 19.543%
[MAPPING /gpfs/scratch/bsc08/bsc08978/db/hi-c/FASTQs/Cabrera_2022_HCT116_KO_NUT/HCT116_KO_NUT_BR2_TR4_2.fastq.gz READ2]     - Ligation sites: 17.798%
[MAPPING /gpfs/scratch/bsc08/bsc08978/db/hi-c/FASTQs/Cabrera_2022_HCT116_KO_NUT/HCT116_KO_NUT_BR2_TR4_2.fastq.gz READ2]   mapping /gpfs/scratch/bsc08/bsc08978/db/hi-c/FASTQs/Cabrera_2022_HCT116_KO_NUT/HCT116_KO_NUT_BR2_TR4_2.fastq.gz read 2 to /gpfs/scratch/bsc08/bsc08978/db/hi-c/processed/Cabrera_2022_HCT116_KO_NUT
[MAPPING /gpfs/scratch/bsc08/bsc08978/db/hi-c/FASTQs/Cabrera_2022_HCT116_KO_NUT/HCT116_KO_NUT_BR2_TR1_2.fastq.gz READ2]   cleaning temporary files
[MAPPING /gpfs/scratch/bsc08/bsc08978/db/hi-c/FASTQs/Cabrera_2022_HCT116_KO_NUT/HCT116_KO_NUT_BR2_TR1_1.fastq.gz READ1]   cleaning temporary files
[MAPPING /gpfs/scratch/bsc08/bsc08978/db/hi-c/FASTQs/Cabrera_2022_HCT116_KO_NUT/HCT116_KO_NUT_BR2_TR3_1.fastq.gz READ1]   cleaning temporary files
[MAPPING /gpfs/scratch/bsc08/bsc08978/db/hi-c/FASTQs/Cabrera_2022_HCT116_KO_NUT/HCT116_KO_NUT_BR2_TR2_2.fastq.gz READ2]   cleaning temporary files
[MAPPING /gpfs/scratch/bsc08/bsc08978/db/hi-c/FASTQs/Cabrera_2022_HCT116_KO_NUT/HCT116_KO_NUT_BR2_TR4_2.fastq.gz READ2]   cleaning temporary files
[MAPPING /gpfs/scratch/bsc08/bsc08978/db/hi-c/FASTQs/Cabrera_2022_HCT116_KO_NUT/HCT116_KO_NUT_BR2_TR3_2.fastq.gz READ2]   cleaning temporary files
[MAPPING /gpfs/scratch/bsc08/bsc08978/db/hi-c/FASTQs/Cabrera_2022_HCT116_KO_NUT/HCT116_KO_NUT_BR2_TR4_1.fastq.gz READ1]   cleaning temporary files
[MAPPING /gpfs/scratch/bsc08/bsc08978/db/hi-c/FASTQs/Cabrera_2022_HCT116_KO_NUT/HCT116_KO_NUT_BR2_TR2_1.fastq.gz READ1]   cleaning temporary files
[MAPPING /gpfs/scratch/bsc08/bsc08978/db/hi-c/FASTQs/Cabrera_2022_HCT116_KO_NUT/HCT116_KO_NUT_BR1_TR2_1.fastq.gz READ1]   cleaning temporary files
[MAPPING /gpfs/scratch/bsc08/bsc08978/db/hi-c/FASTQs/Cabrera_2022_HCT116_KO_NUT/HCT116_KO_NUT_BR1_TR3_1.fastq.gz READ1]   cleaning temporary files
[MAPPING /gpfs/scratch/bsc08/bsc08978/db/hi-c/FASTQs/Cabrera_2022_HCT116_KO_NUT/HCT116_KO_NUT_BR1_TR3_2.fastq.gz READ2]   cleaning temporary files
[MAPPING /gpfs/scratch/bsc08/bsc08978/db/hi-c/FASTQs/Cabrera_2022_HCT116_KO_NUT/HCT116_KO_NUT_BR1_TR4_1.fastq.gz READ1]   cleaning temporary files
[MAPPING /gpfs/scratch/bsc08/bsc08978/db/hi-c/FASTQs/Cabrera_2022_HCT116_KO_NUT/HCT116_KO_NUT_BR1_TR1_1.fastq.gz READ1]   cleaning temporary files
[MAPPING /gpfs/scratch/bsc08/bsc08978/db/hi-c/FASTQs/Cabrera_2022_HCT116_KO_NUT/HCT116_KO_NUT_BR1_TR4_2.fastq.gz READ2]   cleaning temporary files
[MAPPING /gpfs/scratch/bsc08/bsc08978/db/hi-c/FASTQs/Cabrera_2022_HCT116_KO_NUT/HCT116_KO_NUT_BR1_TR2_2.fastq.gz READ2]   cleaning temporary files
[MAPPING /gpfs/scratch/bsc08/bsc08978/db/hi-c/FASTQs/Cabrera_2022_HCT116_KO_NUT/HCT116_KO_NUT_BR1_TR1_2.fastq.gz READ2]   cleaning temporary files
[PARSING]   Writing versions of TADbit and dependencies
[PARSING]   parsing genomic sequence
[PARSING]   parsing reads in Cabrera_2022_HCT116_KO_NUT project
