[MAPPING /gpfs/scratch/bsc08/bsc08978/db/hi-c/FASTQs/Cabrera_2022_HCT116_WT_NUT/HCT116_WT_NUT_BR1_TR1_1.fastq.gz READ1]   Writing versions of TADbit and dependencies
[MAPPING /gpfs/scratch/bsc08/bsc08978/db/hi-c/FASTQs/Cabrera_2022_HCT116_WT_NUT/HCT116_WT_NUT_BR1_TR1_1.fastq.gz READ1]   Generating Hi-C QC plot
[MAPPING /gpfs/scratch/bsc08/bsc08978/db/hi-c/FASTQs/Cabrera_2022_HCT116_WT_NUT/HCT116_WT_NUT_BR1_TR1_2.fastq.gz READ2]   Writing versions of TADbit and dependencies
[MAPPING /gpfs/scratch/bsc08/bsc08978/db/hi-c/FASTQs/Cabrera_2022_HCT116_WT_NUT/HCT116_WT_NUT_BR1_TR1_2.fastq.gz READ2]   Generating Hi-C QC plot
[MAPPING /gpfs/scratch/bsc08/bsc08978/db/hi-c/FASTQs/Cabrera_2022_HCT116_WT_NUT/HCT116_WT_NUT_BR1_TR1_2.fastq.gz READ2]     - Dangling-ends (sensu-stricto): 16.714%
[MAPPING /gpfs/scratch/bsc08/bsc08978/db/hi-c/FASTQs/Cabrera_2022_HCT116_WT_NUT/HCT116_WT_NUT_BR1_TR1_2.fastq.gz READ2]     - Ligation sites: 19.645%
[MAPPING /gpfs/scratch/bsc08/bsc08978/db/hi-c/FASTQs/Cabrera_2022_HCT116_WT_NUT/HCT116_WT_NUT_BR1_TR1_2.fastq.gz READ2]   mapping /gpfs/scratch/bsc08/bsc08978/db/hi-c/FASTQs/Cabrera_2022_HCT116_WT_NUT/HCT116_WT_NUT_BR1_TR1_2.fastq.gz read 2 to /gpfs/scratch/bsc08/bsc08978/db/hi-c/processed/Cabrera_2022_HCT116_WT_NUT_reps/BR1
[MAPPING /gpfs/scratch/bsc08/bsc08978/db/hi-c/FASTQs/Cabrera_2022_HCT116_WT_NUT/HCT116_WT_NUT_BR1_TR1_1.fastq.gz READ1]     - Dangling-ends (sensu-stricto): 15.539%
[MAPPING /gpfs/scratch/bsc08/bsc08978/db/hi-c/FASTQs/Cabrera_2022_HCT116_WT_NUT/HCT116_WT_NUT_BR1_TR1_1.fastq.gz READ1]     - Ligation sites: 20.100%
[MAPPING /gpfs/scratch/bsc08/bsc08978/db/hi-c/FASTQs/Cabrera_2022_HCT116_WT_NUT/HCT116_WT_NUT_BR1_TR1_1.fastq.gz READ1]   mapping /gpfs/scratch/bsc08/bsc08978/db/hi-c/FASTQs/Cabrera_2022_HCT116_WT_NUT/HCT116_WT_NUT_BR1_TR1_1.fastq.gz read 1 to /gpfs/scratch/bsc08/bsc08978/db/hi-c/processed/Cabrera_2022_HCT116_WT_NUT_reps/BR1
[MAPPING /gpfs/scratch/bsc08/bsc08978/db/hi-c/FASTQs/Cabrera_2022_HCT116_WT_NUT/HCT116_WT_NUT_BR1_TR1_1.fastq.gz READ1]   cleaning temporary files
[MAPPING /gpfs/scratch/bsc08/bsc08978/db/hi-c/FASTQs/Cabrera_2022_HCT116_WT_NUT/HCT116_WT_NUT_BR1_TR1_2.fastq.gz READ2]   cleaning temporary files
[MAPPING /gpfs/scratch/bsc08/bsc08978/db/hi-c/FASTQs/Cabrera_2022_HCT116_WT_NUT/HCT116_WT_NUT_BR1_TR2_1.fastq.gz READ1]   Writing versions of TADbit and dependencies
[MAPPING /gpfs/scratch/bsc08/bsc08978/db/hi-c/FASTQs/Cabrera_2022_HCT116_WT_NUT/HCT116_WT_NUT_BR1_TR2_1.fastq.gz READ1]   Generating Hi-C QC plot
[MAPPING /gpfs/scratch/bsc08/bsc08978/db/hi-c/FASTQs/Cabrera_2022_HCT116_WT_NUT/HCT116_WT_NUT_BR1_TR2_2.fastq.gz READ2]   Writing versions of TADbit and dependencies
[MAPPING /gpfs/scratch/bsc08/bsc08978/db/hi-c/FASTQs/Cabrera_2022_HCT116_WT_NUT/HCT116_WT_NUT_BR1_TR2_2.fastq.gz READ2]   Generating Hi-C QC plot
[MAPPING /gpfs/scratch/bsc08/bsc08978/db/hi-c/FASTQs/Cabrera_2022_HCT116_WT_NUT/HCT116_WT_NUT_BR1_TR2_1.fastq.gz READ1]     - Dangling-ends (sensu-stricto): 15.972%
[MAPPING /gpfs/scratch/bsc08/bsc08978/db/hi-c/FASTQs/Cabrera_2022_HCT116_WT_NUT/HCT116_WT_NUT_BR1_TR2_1.fastq.gz READ1]     - Ligation sites: 20.371%
[MAPPING /gpfs/scratch/bsc08/bsc08978/db/hi-c/FASTQs/Cabrera_2022_HCT116_WT_NUT/HCT116_WT_NUT_BR1_TR2_1.fastq.gz READ1]   mapping /gpfs/scratch/bsc08/bsc08978/db/hi-c/FASTQs/Cabrera_2022_HCT116_WT_NUT/HCT116_WT_NUT_BR1_TR2_1.fastq.gz read 1 to /gpfs/scratch/bsc08/bsc08978/db/hi-c/processed/Cabrera_2022_HCT116_WT_NUT_reps/BR1
[MAPPING /gpfs/scratch/bsc08/bsc08978/db/hi-c/FASTQs/Cabrera_2022_HCT116_WT_NUT/HCT116_WT_NUT_BR1_TR2_2.fastq.gz READ2]     - Dangling-ends (sensu-stricto): 16.282%
[MAPPING /gpfs/scratch/bsc08/bsc08978/db/hi-c/FASTQs/Cabrera_2022_HCT116_WT_NUT/HCT116_WT_NUT_BR1_TR2_2.fastq.gz READ2]     - Ligation sites: 19.528%
[MAPPING /gpfs/scratch/bsc08/bsc08978/db/hi-c/FASTQs/Cabrera_2022_HCT116_WT_NUT/HCT116_WT_NUT_BR1_TR2_2.fastq.gz READ2]   mapping /gpfs/scratch/bsc08/bsc08978/db/hi-c/FASTQs/Cabrera_2022_HCT116_WT_NUT/HCT116_WT_NUT_BR1_TR2_2.fastq.gz read 2 to /gpfs/scratch/bsc08/bsc08978/db/hi-c/processed/Cabrera_2022_HCT116_WT_NUT_reps/BR1
[MAPPING /gpfs/scratch/bsc08/bsc08978/db/hi-c/FASTQs/Cabrera_2022_HCT116_WT_NUT/HCT116_WT_NUT_BR1_TR2_1.fastq.gz READ1]   cleaning temporary files
[MAPPING /gpfs/scratch/bsc08/bsc08978/db/hi-c/FASTQs/Cabrera_2022_HCT116_WT_NUT/HCT116_WT_NUT_BR1_TR2_2.fastq.gz READ2]   cleaning temporary files
[MAPPING /gpfs/scratch/bsc08/bsc08978/db/hi-c/FASTQs/Cabrera_2022_HCT116_WT_NUT/HCT116_WT_NUT_BR1_TR3_2.fastq.gz READ2]   Writing versions of TADbit and dependencies
[MAPPING /gpfs/scratch/bsc08/bsc08978/db/hi-c/FASTQs/Cabrera_2022_HCT116_WT_NUT/HCT116_WT_NUT_BR1_TR3_2.fastq.gz READ2]   Generating Hi-C QC plot
[MAPPING /gpfs/scratch/bsc08/bsc08978/db/hi-c/FASTQs/Cabrera_2022_HCT116_WT_NUT/HCT116_WT_NUT_BR1_TR3_2.fastq.gz READ2]     - Dangling-ends (sensu-stricto): 16.394%
[MAPPING /gpfs/scratch/bsc08/bsc08978/db/hi-c/FASTQs/Cabrera_2022_HCT116_WT_NUT/HCT116_WT_NUT_BR1_TR3_2.fastq.gz READ2]     - Ligation sites: 19.753%
[MAPPING /gpfs/scratch/bsc08/bsc08978/db/hi-c/FASTQs/Cabrera_2022_HCT116_WT_NUT/HCT116_WT_NUT_BR1_TR3_2.fastq.gz READ2]   mapping /gpfs/scratch/bsc08/bsc08978/db/hi-c/FASTQs/Cabrera_2022_HCT116_WT_NUT/HCT116_WT_NUT_BR1_TR3_2.fastq.gz read 2 to /gpfs/scratch/bsc08/bsc08978/db/hi-c/processed/Cabrera_2022_HCT116_WT_NUT_reps/BR1
[MAPPING /gpfs/scratch/bsc08/bsc08978/db/hi-c/FASTQs/Cabrera_2022_HCT116_WT_NUT/HCT116_WT_NUT_BR1_TR3_2.fastq.gz READ2]   cleaning temporary files
[MAPPING /gpfs/scratch/bsc08/bsc08978/db/hi-c/FASTQs/Cabrera_2022_HCT116_WT_NUT/HCT116_WT_NUT_BR1_TR3_1.fastq.gz READ1]   Writing versions of TADbit and dependencies
[MAPPING /gpfs/scratch/bsc08/bsc08978/db/hi-c/FASTQs/Cabrera_2022_HCT116_WT_NUT/HCT116_WT_NUT_BR1_TR3_1.fastq.gz READ1]   Generating Hi-C QC plot
[MAPPING /gpfs/scratch/bsc08/bsc08978/db/hi-c/FASTQs/Cabrera_2022_HCT116_WT_NUT/HCT116_WT_NUT_BR1_TR3_1.fastq.gz READ1]     - Dangling-ends (sensu-stricto): 15.718%
[MAPPING /gpfs/scratch/bsc08/bsc08978/db/hi-c/FASTQs/Cabrera_2022_HCT116_WT_NUT/HCT116_WT_NUT_BR1_TR3_1.fastq.gz READ1]     - Ligation sites: 20.157%
[MAPPING /gpfs/scratch/bsc08/bsc08978/db/hi-c/FASTQs/Cabrera_2022_HCT116_WT_NUT/HCT116_WT_NUT_BR1_TR3_1.fastq.gz READ1]   mapping /gpfs/scratch/bsc08/bsc08978/db/hi-c/FASTQs/Cabrera_2022_HCT116_WT_NUT/HCT116_WT_NUT_BR1_TR3_1.fastq.gz read 1 to /gpfs/scratch/bsc08/bsc08978/db/hi-c/processed/Cabrera_2022_HCT116_WT_NUT_reps/BR1
[MAPPING /gpfs/scratch/bsc08/bsc08978/db/hi-c/FASTQs/Cabrera_2022_HCT116_WT_NUT/HCT116_WT_NUT_BR1_TR3_1.fastq.gz READ1]   cleaning temporary files
[MAPPING /gpfs/scratch/bsc08/bsc08978/db/hi-c/FASTQs/Cabrera_2022_HCT116_WT_NUT/HCT116_WT_NUT_BR1_TR4_1.fastq.gz READ1]   Writing versions of TADbit and dependencies
[MAPPING /gpfs/scratch/bsc08/bsc08978/db/hi-c/FASTQs/Cabrera_2022_HCT116_WT_NUT/HCT116_WT_NUT_BR1_TR4_1.fastq.gz READ1]   Generating Hi-C QC plot
[MAPPING /gpfs/scratch/bsc08/bsc08978/db/hi-c/FASTQs/Cabrera_2022_HCT116_WT_NUT/HCT116_WT_NUT_BR1_TR4_1.fastq.gz READ1]     - Dangling-ends (sensu-stricto): 15.780%
[MAPPING /gpfs/scratch/bsc08/bsc08978/db/hi-c/FASTQs/Cabrera_2022_HCT116_WT_NUT/HCT116_WT_NUT_BR1_TR4_1.fastq.gz READ1]     - Ligation sites: 20.321%
[MAPPING /gpfs/scratch/bsc08/bsc08978/db/hi-c/FASTQs/Cabrera_2022_HCT116_WT_NUT/HCT116_WT_NUT_BR1_TR4_1.fastq.gz READ1]   mapping /gpfs/scratch/bsc08/bsc08978/db/hi-c/FASTQs/Cabrera_2022_HCT116_WT_NUT/HCT116_WT_NUT_BR1_TR4_1.fastq.gz read 1 to /gpfs/scratch/bsc08/bsc08978/db/hi-c/processed/Cabrera_2022_HCT116_WT_NUT_reps/BR1
[MAPPING /gpfs/scratch/bsc08/bsc08978/db/hi-c/FASTQs/Cabrera_2022_HCT116_WT_NUT/HCT116_WT_NUT_BR1_TR4_2.fastq.gz READ2]   Writing versions of TADbit and dependencies
[MAPPING /gpfs/scratch/bsc08/bsc08978/db/hi-c/FASTQs/Cabrera_2022_HCT116_WT_NUT/HCT116_WT_NUT_BR1_TR4_2.fastq.gz READ2]   Generating Hi-C QC plot
[MAPPING /gpfs/scratch/bsc08/bsc08978/db/hi-c/FASTQs/Cabrera_2022_HCT116_WT_NUT/HCT116_WT_NUT_BR1_TR4_2.fastq.gz READ2]     - Dangling-ends (sensu-stricto): 16.628%
[MAPPING /gpfs/scratch/bsc08/bsc08978/db/hi-c/FASTQs/Cabrera_2022_HCT116_WT_NUT/HCT116_WT_NUT_BR1_TR4_2.fastq.gz READ2]     - Ligation sites: 19.400%
[MAPPING /gpfs/scratch/bsc08/bsc08978/db/hi-c/FASTQs/Cabrera_2022_HCT116_WT_NUT/HCT116_WT_NUT_BR1_TR4_2.fastq.gz READ2]   mapping /gpfs/scratch/bsc08/bsc08978/db/hi-c/FASTQs/Cabrera_2022_HCT116_WT_NUT/HCT116_WT_NUT_BR1_TR4_2.fastq.gz read 2 to /gpfs/scratch/bsc08/bsc08978/db/hi-c/processed/Cabrera_2022_HCT116_WT_NUT_reps/BR1
[MAPPING /gpfs/scratch/bsc08/bsc08978/db/hi-c/FASTQs/Cabrera_2022_HCT116_WT_NUT/HCT116_WT_NUT_BR1_TR4_1.fastq.gz READ1]   cleaning temporary files
[MAPPING /gpfs/scratch/bsc08/bsc08978/db/hi-c/FASTQs/Cabrera_2022_HCT116_WT_NUT/HCT116_WT_NUT_BR1_TR4_2.fastq.gz READ2]   cleaning temporary files
[PARSING]   Writing versions of TADbit and dependencies
[PARSING]   parsing genomic sequence
[PARSING]   parsing reads in BR1 project
